[     722ms] [ERROR] Failed to load resource: the server responded with a status of 404 (Not Found) @ https://soccerline.dothome.co.kr/federation/__next.federation.__PAGE__.txt/?_rsc=SQXVIbczShf-K1KU:0
[     723ms] [ERROR] Failed to load resource: the server responded with a status of 404 (Not Found) @ https://soccerline.dothome.co.kr/news/__next.news.__PAGE__.txt/?_rsc=SotF8VA5TgG7UKrQ:0
[    3779ms] [WARNING] The resource https://soccerline.dothome.co.kr/_next/static/chunks/14vvp5st5jz2a.css was preloaded using link preload but not used within a few seconds from the window's load event. Please make sure it has an appropriate `as` value and it is preloaded intentionally. @ https://soccerline.dothome.co.kr/news/:0
[   19651ms] [ERROR] Failed to load resource: the server responded with a status of 404 (Not Found) @ https://soccerline.dothome.co.kr/federation/__next.federation.__PAGE__.txt/?_rsc=SQXVIbczShf-K1KU:0
[   21162ms] [ERROR] Failed to load resource: the server responded with a status of 404 (Not Found) @ https://soccerline.dothome.co.kr/news/__next.news.__PAGE__.txt/?_rsc=ZBRZ9e84RvjbRE0z:0
[   26178ms] [WARNING] The resource https://soccerline.dothome.co.kr/_next/static/chunks/06cipn40fppav.css was preloaded using link preload but not used within a few seconds from the window's load event. Please make sure it has an appropriate `as` value and it is preloaded intentionally. @ https://soccerline.dothome.co.kr/:0
[   26178ms] [WARNING] The resource https://soccerline.dothome.co.kr/_next/static/chunks/14vvp5st5jz2a.css was preloaded using link preload but not used within a few seconds from the window's load event. Please make sure it has an appropriate `as` value and it is preloaded intentionally. @ https://soccerline.dothome.co.kr/:0
[   26178ms] [WARNING] The resource https://soccerline.dothome.co.kr/_next/static/chunks/0xqwda.kac0wn.css was preloaded using link preload but not used within a few seconds from the window's load event. Please make sure it has an appropriate `as` value and it is preloaded intentionally. @ https://soccerline.dothome.co.kr/:0
[   31912ms] [WARNING] The resource https://soccerline.dothome.co.kr/_next/static/chunks/06cipn40fppav.css was preloaded using link preload but not used within a few seconds from the window's load event. Please make sure it has an appropriate `as` value and it is preloaded intentionally. @ https://soccerline.dothome.co.kr/:0
[   31913ms] [WARNING] The resource https://soccerline.dothome.co.kr/_next/static/chunks/14vvp5st5jz2a.css was preloaded using link preload but not used within a few seconds from the window's load event. Please make sure it has an appropriate `as` value and it is preloaded intentionally. @ https://soccerline.dothome.co.kr/:0
[   31913ms] [WARNING] The resource https://soccerline.dothome.co.kr/_next/static/chunks/0xqwda.kac0wn.css was preloaded using link preload but not used within a few seconds from the window's load event. Please make sure it has an appropriate `as` value and it is preloaded intentionally. @ https://soccerline.dothome.co.kr/:0
[   37437ms] [WARNING] The resource https://soccerline.dothome.co.kr/_next/static/chunks/06cipn40fppav.css was preloaded using link preload but not used within a few seconds from the window's load event. Please make sure it has an appropriate `as` value and it is preloaded intentionally. @ https://soccerline.dothome.co.kr/:0
[   37437ms] [WARNING] The resource https://soccerline.dothome.co.kr/_next/static/chunks/14vvp5st5jz2a.css was preloaded using link preload but not used within a few seconds from the window's load event. Please make sure it has an appropriate `as` value and it is preloaded intentionally. @ https://soccerline.dothome.co.kr/:0
[   37437ms] [WARNING] The resource https://soccerline.dothome.co.kr/_next/static/chunks/0xqwda.kac0wn.css was preloaded using link preload but not used within a few seconds from the window's load event. Please make sure it has an appropriate `as` value and it is preloaded intentionally. @ https://soccerline.dothome.co.kr/:0
[   44359ms] [ERROR] Failed to load resource: the server responded with a status of 404 (Not Found) @ https://soccerline.dothome.co.kr/news/__next.news.__PAGE__.txt/?_rsc=ZBRZ9e84RvjbRE0z:0
[   51570ms] [WARNING] The resource https://soccerline.dothome.co.kr/_next/static/chunks/06cipn40fppav.css was preloaded using link preload but not used within a few seconds from the window's load event. Please make sure it has an appropriate `as` value and it is preloaded intentionally. @ https://soccerline.dothome.co.kr/:0
[   51570ms] [WARNING] The resource https://soccerline.dothome.co.kr/_next/static/chunks/14vvp5st5jz2a.css was preloaded using link preload but not used within a few seconds from the window's load event. Please make sure it has an appropriate `as` value and it is preloaded intentionally. @ https://soccerline.dothome.co.kr/:0
[   51570ms] [WARNING] The resource https://soccerline.dothome.co.kr/_next/static/chunks/0xqwda.kac0wn.css was preloaded using link preload but not used within a few seconds from the window's load event. Please make sure it has an appropriate `as` value and it is preloaded intentionally. @ https://soccerline.dothome.co.kr/:0
[   56305ms] [ERROR] Failed to load resource: the server responded with a status of 404 (Not Found) @ https://soccerline.dothome.co.kr/news/__next.news.__PAGE__.txt/?_rsc=ZBRZ9e84RvjbRE0z:0
[   58904ms] [ERROR] Failed to load resource: the server responded with a status of 404 (Not Found) @ https://soccerline.dothome.co.kr/federation/__next.federation.__PAGE__.txt/?_rsc=inUgcJo8QtLeIEZD:0
[   62246ms] [WARNING] The resource https://soccerline.dothome.co.kr/_next/static/chunks/06cipn40fppav.css was preloaded using link preload but not used within a few seconds from the window's load event. Please make sure it has an appropriate `as` value and it is preloaded intentionally. @ https://soccerline.dothome.co.kr/:0
[   62246ms] [WARNING] The resource https://soccerline.dothome.co.kr/_next/static/chunks/14vvp5st5jz2a.css was preloaded using link preload but not used within a few seconds from the window's load event. Please make sure it has an appropriate `as` value and it is preloaded intentionally. @ https://soccerline.dothome.co.kr/:0
[   62246ms] [WARNING] The resource https://soccerline.dothome.co.kr/_next/static/chunks/0xqwda.kac0wn.css was preloaded using link preload but not used within a few seconds from the window's load event. Please make sure it has an appropriate `as` value and it is preloaded intentionally. @ https://soccerline.dothome.co.kr/:0
