[     313ms] [ERROR] Failed to load resource: the server responded with a status of 404 (Not Found) @ https://soccerline.dothome.co.kr/gallery/__next.gallery.__PAGE__.txt/?_rsc=1-v0uQR77WhmiL_E:0
[     313ms] [ERROR] Failed to load resource: the server responded with a status of 404 (Not Found) @ https://soccerline.dothome.co.kr/contact/__next.contact.__PAGE__.txt/?_rsc=HE4lW81XRKH8of93:0
[     313ms] [ERROR] Failed to load resource: the server responded with a status of 404 (Not Found) @ https://soccerline.dothome.co.kr/federation/__next.federation.__PAGE__.txt/?_rsc=SQXVIbczShf-K1KU:0
[     314ms] [ERROR] Failed to load resource: the server responded with a status of 404 (Not Found) @ https://soccerline.dothome.co.kr/schedule/__next.schedule.__PAGE__.txt/?_rsc=m5F4nptZP4x6fzfy:0
[     358ms] [ERROR] Failed to load resource: the server responded with a status of 404 (Not Found) @ https://soccerline.dothome.co.kr/squad/__next.squad.__PAGE__.txt/?_rsc=kOG6x_NYr3D5rY4p:0
[     358ms] [ERROR] Failed to load resource: the server responded with a status of 404 (Not Found) @ https://soccerline.dothome.co.kr/news/__next.news.__PAGE__.txt/?_rsc=SotF8VA5TgG7UKrQ:0
[     372ms] [ERROR] Failed to load resource: the server responded with a status of 404 (Not Found) @ https://soccerline.dothome.co.kr/about/__next.about.__PAGE__.txt/?_rsc=qFb3bnp6pdBYWxms:0
[  237900ms] [ERROR] Failed to load resource: the server responded with a status of 404 (Not Found) @ https://soccerline.dothome.co.kr/news/__next.news.__PAGE__.txt/?_rsc=SotF8VA5TgG7UKrQ:0
[  237900ms] [ERROR] Failed to load resource: the server responded with a status of 404 (Not Found) @ https://soccerline.dothome.co.kr/about/__next.about.__PAGE__.txt/?_rsc=qFb3bnp6pdBYWxms:0
[  238367ms] [ERROR] Failed to load resource: the server responded with a status of 404 (Not Found) @ https://soccerline.dothome.co.kr/contact/__next.contact.__PAGE__.txt/?_rsc=HE4lW81XRKH8of93:0
[  238375ms] [ERROR] Failed to load resource: the server responded with a status of 404 (Not Found) @ https://soccerline.dothome.co.kr/federation/__next.federation.__PAGE__.txt/?_rsc=SQXVIbczShf-K1KU:0
[  238375ms] [ERROR] Failed to load resource: the server responded with a status of 404 (Not Found) @ https://soccerline.dothome.co.kr/schedule/__next.schedule.__PAGE__.txt/?_rsc=m5F4nptZP4x6fzfy:0
[  238375ms] [ERROR] Failed to load resource: the server responded with a status of 404 (Not Found) @ https://soccerline.dothome.co.kr/gallery/__next.gallery.__PAGE__.txt/?_rsc=1-v0uQR77WhmiL_E:0
[  238399ms] [ERROR] Failed to load resource: the server responded with a status of 404 (Not Found) @ https://soccerline.dothome.co.kr/squad/__next.squad.__PAGE__.txt/?_rsc=kOG6x_NYr3D5rY4p:0
[  249179ms] [ERROR] Failed to load resource: the server responded with a status of 404 (Not Found) @ https://soccerline.dothome.co.kr/news/__next.news.__PAGE__.txt/?_rsc=SotF8VA5TgG7UKrQ:0
[  249185ms] [ERROR] Failed to load resource: the server responded with a status of 404 (Not Found) @ https://soccerline.dothome.co.kr/contact/__next.contact.__PAGE__.txt/?_rsc=HE4lW81XRKH8of93:0
[  249189ms] [ERROR] Failed to load resource: the server responded with a status of 404 (Not Found) @ https://soccerline.dothome.co.kr/schedule/__next.schedule.__PAGE__.txt/?_rsc=m5F4nptZP4x6fzfy:0
[  249189ms] [ERROR] Failed to load resource: the server responded with a status of 404 (Not Found) @ https://soccerline.dothome.co.kr/about/__next.about.__PAGE__.txt/?_rsc=qFb3bnp6pdBYWxms:0
[  249201ms] [ERROR] Failed to load resource: the server responded with a status of 404 (Not Found) @ https://soccerline.dothome.co.kr/gallery/__next.gallery.__PAGE__.txt/?_rsc=1-v0uQR77WhmiL_E:0
[  249211ms] [ERROR] Failed to load resource: the server responded with a status of 404 (Not Found) @ https://soccerline.dothome.co.kr/squad/__next.squad.__PAGE__.txt/?_rsc=kOG6x_NYr3D5rY4p:0
[  254514ms] [ERROR] Failed to load resource: the server responded with a status of 404 (Not Found) @ https://soccerline.dothome.co.kr/federation/__next.federation.__PAGE__.txt/?_rsc=SQXVIbczShf-K1KU:0
[  262223ms] [ERROR] Failed to load resource: the server responded with a status of 404 (Not Found) @ https://soccerline.dothome.co.kr/squad/__next.squad.__PAGE__.txt/?_rsc=kOG6x_NYr3D5rY4p:0
[  262223ms] [ERROR] Failed to load resource: the server responded with a status of 404 (Not Found) @ https://soccerline.dothome.co.kr/contact/__next.contact.__PAGE__.txt/?_rsc=HE4lW81XRKH8of93:0
[  262224ms] [ERROR] Failed to load resource: the server responded with a status of 404 (Not Found) @ https://soccerline.dothome.co.kr/schedule/__next.schedule.__PAGE__.txt/?_rsc=m5F4nptZP4x6fzfy:0
[  262225ms] [ERROR] Failed to load resource: the server responded with a status of 404 (Not Found) @ https://soccerline.dothome.co.kr/news/__next.news.__PAGE__.txt/?category=malaysia&_rsc=SotF8VA5TgG7UKrQ:0
[  262253ms] [ERROR] Failed to load resource: the server responded with a status of 404 (Not Found) @ https://soccerline.dothome.co.kr/gallery/__next.gallery.__PAGE__.txt/?_rsc=1-v0uQR77WhmiL_E:0
[  262253ms] [ERROR] Failed to load resource: the server responded with a status of 404 (Not Found) @ https://soccerline.dothome.co.kr/about/__next.about.__PAGE__.txt/?_rsc=qFb3bnp6pdBYWxms:0
[  264864ms] [ERROR] Failed to load resource: the server responded with a status of 404 (Not Found) @ https://soccerline.dothome.co.kr/federation/__next.federation.__PAGE__.txt/?_rsc=SQXVIbczShf-K1KU:0
