[     819ms] [ERROR] Failed to load resource: the server responded with a status of 404 (Not Found) @ https://soccerline.dothome.co.kr/schedule/__next.schedule.__PAGE__.txt/?_rsc=xH8DRBhe0A5_NQ8j:0
[     832ms] [ERROR] Failed to load resource: the server responded with a status of 404 (Not Found) @ https://soccerline.dothome.co.kr/contact/__next.contact.__PAGE__.txt/?_rsc=0AzmNnjrkl4pyjkx:0
[     856ms] [ERROR] Failed to load resource: the server responded with a status of 404 (Not Found) @ https://soccerline.dothome.co.kr/federation/__next.federation.__PAGE__.txt/?_rsc=4d7BLi3hZAO3d80L:0
[     869ms] [ERROR] Failed to load resource: the server responded with a status of 404 (Not Found) @ https://soccerline.dothome.co.kr/gallery/__next.gallery.__PAGE__.txt/?_rsc=OMOohCJ3tU0lb3EA:0
[     996ms] [ERROR] Failed to load resource: the server responded with a status of 404 (Not Found) @ https://soccerline.dothome.co.kr/squad/__next.squad.__PAGE__.txt/?_rsc=W8rtj8_rlYKRTd14:0
[    1014ms] [ERROR] Failed to load resource: the server responded with a status of 404 (Not Found) @ https://soccerline.dothome.co.kr/news/__next.news.__PAGE__.txt/?_rsc=-R6xfBKpdMhNbsy7:0
[    1150ms] [ERROR] Failed to load resource: the server responded with a status of 404 (Not Found) @ https://soccerline.dothome.co.kr/about/__next.about.__PAGE__.txt/?_rsc=QEbBn7AosMy-80vr:0
[  176591ms] [ERROR] Failed to load resource: the server responded with a status of 404 (Not Found) @ https://soccerline.dothome.co.kr/news/__next.news.__PAGE__.txt/?_rsc=-R6xfBKpdMhNbsy7:0
[  176733ms] [ERROR] Failed to load resource: the server responded with a status of 404 (Not Found) @ https://soccerline.dothome.co.kr/squad/__next.squad.__PAGE__.txt/?_rsc=W8rtj8_rlYKRTd14:0
[  177010ms] [ERROR] Failed to load resource: the server responded with a status of 404 (Not Found) @ https://soccerline.dothome.co.kr/schedule/__next.schedule.__PAGE__.txt/?_rsc=xH8DRBhe0A5_NQ8j:0
[  177578ms] [ERROR] Failed to load resource: the server responded with a status of 404 (Not Found) @ https://soccerline.dothome.co.kr/federation/__next.federation.__PAGE__.txt/?_rsc=TdIt0UE_KEIUfAiF:0
[  177579ms] [ERROR] Failed to load resource: the server responded with a status of 404 (Not Found) @ https://soccerline.dothome.co.kr/contact/__next.contact.__PAGE__.txt/?_rsc=k_UO062ubdbBuc9L:0
[  177640ms] [ERROR] Failed to load resource: the server responded with a status of 404 (Not Found) @ https://soccerline.dothome.co.kr/about/__next.about.__PAGE__.txt/?_rsc=HIla819eW9MyrlWe:0
[  177640ms] [ERROR] Failed to load resource: the server responded with a status of 404 (Not Found) @ https://soccerline.dothome.co.kr/gallery/__next.gallery.__PAGE__.txt/?_rsc=4VVjMJkCRX98aNV-:0
[  183093ms] [WARNING] The resource https://soccerline.dothome.co.kr/_next/static/chunks/0osy9jrh~l~ba.css was preloaded using link preload but not used within a few seconds from the window's load event. Please make sure it has an appropriate `as` value and it is preloaded intentionally. @ https://soccerline.dothome.co.kr/schedule/235/:0
[  186525ms] [WARNING] The resource https://soccerline.dothome.co.kr/_next/static/chunks/0osy9jrh~l~ba.css was preloaded using link preload but not used within a few seconds from the window's load event. Please make sure it has an appropriate `as` value and it is preloaded intentionally. @ https://soccerline.dothome.co.kr/:0
[  189727ms] [ERROR] Failed to load resource: the server responded with a status of 404 (Not Found) @ https://soccerline.dothome.co.kr/news/__next.news.__PAGE__.txt/?_rsc=ZBRZ9e84RvjbRE0z:0
[  190037ms] [ERROR] Failed to load resource: the server responded with a status of 404 (Not Found) @ https://soccerline.dothome.co.kr/schedule/__next.schedule.__PAGE__.txt/?_rsc=ZH-R3HpAI-UvSgLf:0
[  190169ms] [ERROR] Failed to load resource: the server responded with a status of 404 (Not Found) @ https://soccerline.dothome.co.kr/about/__next.about.__PAGE__.txt/?_rsc=hzcUC6YqarYE9pKE:0
[  193225ms] [WARNING] The resource https://soccerline.dothome.co.kr/_next/static/chunks/0osy9jrh~l~ba.css was preloaded using link preload but not used within a few seconds from the window's load event. Please make sure it has an appropriate `as` value and it is preloaded intentionally. @ https://soccerline.dothome.co.kr/:0
[  193849ms] [ERROR] Failed to load resource: the server responded with a status of 404 (Not Found) @ https://soccerline.dothome.co.kr/schedule/__next.schedule.__PAGE__.txt/?_rsc=aGKSWF8Z3CWtNI3R:0
[  198582ms] [WARNING] The resource https://soccerline.dothome.co.kr/_next/static/chunks/06cipn40fppav.css was preloaded using link preload but not used within a few seconds from the window's load event. Please make sure it has an appropriate `as` value and it is preloaded intentionally. @ https://soccerline.dothome.co.kr/schedule/:0
[  198582ms] [WARNING] The resource https://soccerline.dothome.co.kr/_next/static/chunks/14vvp5st5jz2a.css was preloaded using link preload but not used within a few seconds from the window's load event. Please make sure it has an appropriate `as` value and it is preloaded intentionally. @ https://soccerline.dothome.co.kr/schedule/:0
[  198582ms] [WARNING] The resource https://soccerline.dothome.co.kr/_next/static/chunks/0osy9jrh~l~ba.css was preloaded using link preload but not used within a few seconds from the window's load event. Please make sure it has an appropriate `as` value and it is preloaded intentionally. @ https://soccerline.dothome.co.kr/schedule/:0
[  202439ms] [ERROR] Failed to load resource: the server responded with a status of 404 (Not Found) @ https://soccerline.dothome.co.kr/schedule/199/__next.schedule.$d$id.txt/?_rsc=FqZc8u0X3brbQ6i1:0
[  202569ms] [ERROR] Failed to load resource: the server responded with a status of 404 (Not Found) @ https://soccerline.dothome.co.kr/schedule/199/__next.schedule.$d$id.__PAGE__.txt/?_rsc=bx2dScJ8H265XZiR:0
[  203102ms] [ERROR] Failed to load resource: the server responded with a status of 404 (Not Found) @ https://soccerline.dothome.co.kr/schedule/190/__next.schedule.$d$id.__PAGE__.txt/?_rsc=bx2dScJ8H265XZiR:0
[  203103ms] [ERROR] Failed to load resource: the server responded with a status of 404 (Not Found) @ https://soccerline.dothome.co.kr/schedule/190/__next.schedule.$d$id.txt/?_rsc=FqZc8u0X3brbQ6i1:0
[  203140ms] [ERROR] Failed to load resource: the server responded with a status of 404 (Not Found) @ https://soccerline.dothome.co.kr/schedule/180/__next.schedule.$d$id.txt/?_rsc=FqZc8u0X3brbQ6i1:0
[  203143ms] [ERROR] Failed to load resource: the server responded with a status of 404 (Not Found) @ https://soccerline.dothome.co.kr/schedule/180/__next.schedule.$d$id.__PAGE__.txt/?_rsc=bx2dScJ8H265XZiR:0
[  203612ms] [ERROR] Failed to load resource: the server responded with a status of 404 (Not Found) @ https://soccerline.dothome.co.kr/schedule/174/__next.schedule.$d$id.__PAGE__.txt/?_rsc=bx2dScJ8H265XZiR:0
[  203612ms] [ERROR] Failed to load resource: the server responded with a status of 404 (Not Found) @ https://soccerline.dothome.co.kr/schedule/174/__next.schedule.$d$id.txt/?_rsc=FqZc8u0X3brbQ6i1:0
[  203691ms] [ERROR] Failed to load resource: the server responded with a status of 404 (Not Found) @ https://soccerline.dothome.co.kr/schedule/167/__next.schedule.$d$id.txt/?_rsc=FqZc8u0X3brbQ6i1:0
[  203691ms] [ERROR] Failed to load resource: the server responded with a status of 404 (Not Found) @ https://soccerline.dothome.co.kr/schedule/167/__next.schedule.$d$id.__PAGE__.txt/?_rsc=bx2dScJ8H265XZiR:0
[  203727ms] [ERROR] Failed to load resource: the server responded with a status of 404 (Not Found) @ https://soccerline.dothome.co.kr/schedule/157/__next.schedule.$d$id.__PAGE__.txt/?_rsc=bx2dScJ8H265XZiR:0
[  203728ms] [ERROR] Failed to load resource: the server responded with a status of 404 (Not Found) @ https://soccerline.dothome.co.kr/schedule/157/__next.schedule.$d$id.txt/?_rsc=FqZc8u0X3brbQ6i1:0
[  206986ms] [WARNING] The resource https://soccerline.dothome.co.kr/_next/static/chunks/06cipn40fppav.css was preloaded using link preload but not used within a few seconds from the window's load event. Please make sure it has an appropriate `as` value and it is preloaded intentionally. @ https://soccerline.dothome.co.kr/schedule/:0
[  206986ms] [WARNING] The resource https://soccerline.dothome.co.kr/_next/static/chunks/14vvp5st5jz2a.css was preloaded using link preload but not used within a few seconds from the window's load event. Please make sure it has an appropriate `as` value and it is preloaded intentionally. @ https://soccerline.dothome.co.kr/schedule/:0
[  206986ms] [WARNING] The resource https://soccerline.dothome.co.kr/_next/static/chunks/0osy9jrh~l~ba.css was preloaded using link preload but not used within a few seconds from the window's load event. Please make sure it has an appropriate `as` value and it is preloaded intentionally. @ https://soccerline.dothome.co.kr/schedule/:0
