[      97ms] [ERROR] Refused to apply style from 'https://soccerline.dothome.co.kr/_next/static/chunks/15hizuvdheqpx.css/' because its MIME type ('text/html') is not a supported stylesheet MIME type, and strict MIME checking is enabled. @ https://soccerline.dothome.co.kr/news/:0
[     181ms] [ERROR] Failed to load resource: the server responded with a status of 404 (Not Found) @ https://soccerline.dothome.co.kr/_next/static/chunks/17v4fs5wd1eb0.js/:0
[     181ms] [ERROR] Refused to execute script from 'https://soccerline.dothome.co.kr/_next/static/chunks/17v4fs5wd1eb0.js/' because its MIME type ('text/html') is not executable, and strict MIME type checking is enabled. @ https://soccerline.dothome.co.kr/news/:0
[     181ms] [ERROR] Failed to load resource: the server responded with a status of 404 (Not Found) @ https://soccerline.dothome.co.kr/_next/static/chunks/0d0r3.gc-v0nm.js/:0
[     181ms] [ERROR] Refused to execute script from 'https://soccerline.dothome.co.kr/_next/static/chunks/0d0r3.gc-v0nm.js/' because its MIME type ('text/html') is not executable, and strict MIME type checking is enabled. @ https://soccerline.dothome.co.kr/news/:0
[     201ms] ChunkLoadError: Failed to load chunk /_next/static/chunks/17v4fs5wd1eb0.js from module 1089
    at https://soccerline.dothome.co.kr/_next/static/chunks/turbopack-0uyfyurgrvo.3.js:1:6096
[   24481ms] [ERROR] Failed to load resource: the server responded with a status of 404 (Not Found) @ https://soccerline.dothome.co.kr/_next/static/chunks/17v4fs5wd1eb0.js/:0
[   45240ms] [ERROR] Failed to load resource: the server responded with a status of 404 (Not Found) @ https://soccerline.dothome.co.kr/_next/static/chunks/17v4fs5wd1eb0.js/:0
[   48243ms] [WARNING] The resource https://soccerline.dothome.co.kr/_next/static/chunks/06cipn40fppav.css was preloaded using link preload but not used within a few seconds from the window's load event. Please make sure it has an appropriate `as` value and it is preloaded intentionally. @ https://soccerline.dothome.co.kr/:0
[   51014ms] [ERROR] Failed to load resource: the server responded with a status of 404 (Not Found) @ https://soccerline.dothome.co.kr/contact/__next.contact.__PAGE__.txt/?_rsc=2R6Rr4akohQHAHZ0:0
[   51038ms] [ERROR] Failed to load resource: the server responded with a status of 404 (Not Found) @ https://soccerline.dothome.co.kr/gallery/__next.gallery.__PAGE__.txt/?_rsc=zk_af6Wjx10rat99:0
[   51093ms] [ERROR] Failed to load resource: the server responded with a status of 404 (Not Found) @ https://soccerline.dothome.co.kr/schedule/__next.schedule.__PAGE__.txt/?_rsc=FmFoE0KC9auJhfIa:0
[   51113ms] [ERROR] Failed to load resource: the server responded with a status of 404 (Not Found) @ https://soccerline.dothome.co.kr/squad/__next.squad.__PAGE__.txt/?_rsc=97NtwQh06YEharCJ:0
[   51124ms] [ERROR] Failed to load resource: the server responded with a status of 404 (Not Found) @ https://soccerline.dothome.co.kr/news/__next.news.__PAGE__.txt/?_rsc=zbHRN62Z7RdHs0r3:0
[   51135ms] [ERROR] Failed to load resource: the server responded with a status of 404 (Not Found) @ https://soccerline.dothome.co.kr/about/__next.about.__PAGE__.txt/?_rsc=-PmfjtzM0R4ONS4g:0
[   54191ms] [WARNING] The resource https://soccerline.dothome.co.kr/_next/static/chunks/06cipn40fppav.css was preloaded using link preload but not used within a few seconds from the window's load event. Please make sure it has an appropriate `as` value and it is preloaded intentionally. @ https://soccerline.dothome.co.kr/about/:0
[   55065ms] [ERROR] Failed to load resource: the server responded with a status of 404 (Not Found) @ https://soccerline.dothome.co.kr/news/1/__next.news.$d$id.__PAGE__.txt/?_rsc=cb8Qque-lkWFORcx:0
[   55066ms] [ERROR] Failed to load resource: the server responded with a status of 404 (Not Found) @ https://soccerline.dothome.co.kr/news/1/__next.news.$d$id.txt/?_rsc=tFS1IOpfHf3pR9v6:0
[   55075ms] [ERROR] Failed to load resource: the server responded with a status of 404 (Not Found) @ https://soccerline.dothome.co.kr/news/2/__next.news.$d$id.txt/?_rsc=tFS1IOpfHf3pR9v6:0
[   55078ms] [ERROR] Failed to load resource: the server responded with a status of 404 (Not Found) @ https://soccerline.dothome.co.kr/news/2/__next.news.$d$id.__PAGE__.txt/?_rsc=cb8Qque-lkWFORcx:0
[   58155ms] [WARNING] The resource https://soccerline.dothome.co.kr/_next/static/chunks/06cipn40fppav.css was preloaded using link preload but not used within a few seconds from the window's load event. Please make sure it has an appropriate `as` value and it is preloaded intentionally. @ https://soccerline.dothome.co.kr/news/:0
[   61363ms] [WARNING] The resource https://soccerline.dothome.co.kr/_next/static/chunks/06cipn40fppav.css was preloaded using link preload but not used within a few seconds from the window's load event. Please make sure it has an appropriate `as` value and it is preloaded intentionally. @ https://soccerline.dothome.co.kr/schedule/:0
[   64051ms] [ERROR] Failed to load resource: the server responded with a status of 404 (Not Found) @ https://soccerline.dothome.co.kr/gallery/__next.gallery.__PAGE__.txt/?_rsc=4VVjMJkCRX98aNV-:0
[   64126ms] [ERROR] Failed to load resource: the server responded with a status of 404 (Not Found) @ https://soccerline.dothome.co.kr/schedule/__next.schedule.__PAGE__.txt/?_rsc=aGKSWF8Z3CWtNI3R:0
[   64391ms] [ERROR] Failed to load resource: the server responded with a status of 404 (Not Found) @ https://soccerline.dothome.co.kr/squad/__next.squad.__PAGE__.txt/?_rsc=hercwOmNJS8-ElUJ:0
[   65255ms] [ERROR] Failed to load resource: the server responded with a status of 404 (Not Found) @ https://soccerline.dothome.co.kr/contact/__next.contact.__PAGE__.txt/?_rsc=Ct2yjc4toFdbBZhK:0
[   65270ms] [ERROR] Failed to load resource: the server responded with a status of 404 (Not Found) @ https://soccerline.dothome.co.kr/news/__next.news.__PAGE__.txt/?_rsc=Nh6EXWaRJ9obATtY:0
[   65277ms] [ERROR] Failed to load resource: the server responded with a status of 404 (Not Found) @ https://soccerline.dothome.co.kr/about/__next.about.__PAGE__.txt/?_rsc=ai0fbjeE_MXGqzf5:0
[   69279ms] [WARNING] The resource https://soccerline.dothome.co.kr/_next/static/chunks/06cipn40fppav.css was preloaded using link preload but not used within a few seconds from the window's load event. Please make sure it has an appropriate `as` value and it is preloaded intentionally. @ https://soccerline.dothome.co.kr/about/:0
[   84765ms] [ERROR] Failed to load resource: the server responded with a status of 404 (Not Found) @ https://soccerline.dothome.co.kr/schedule/__next.schedule.__PAGE__.txt/?_rsc=FmFoE0KC9auJhfIa:0
[   84923ms] [ERROR] Failed to load resource: the server responded with a status of 404 (Not Found) @ https://soccerline.dothome.co.kr/squad/__next.squad.__PAGE__.txt/?_rsc=97NtwQh06YEharCJ:0
[   84954ms] [ERROR] Failed to load resource: the server responded with a status of 404 (Not Found) @ https://soccerline.dothome.co.kr/news/__next.news.__PAGE__.txt/?_rsc=zbHRN62Z7RdHs0r3:0
[   85340ms] [ERROR] Failed to load resource: the server responded with a status of 404 (Not Found) @ https://soccerline.dothome.co.kr/contact/__next.contact.__PAGE__.txt/?_rsc=HE4lW81XRKH8of93:0
[   85353ms] [ERROR] Failed to load resource: the server responded with a status of 404 (Not Found) @ https://soccerline.dothome.co.kr/about/__next.about.__PAGE__.txt/?_rsc=qFb3bnp6pdBYWxms:0
[   85354ms] [ERROR] Failed to load resource: the server responded with a status of 404 (Not Found) @ https://soccerline.dothome.co.kr/gallery/__next.gallery.__PAGE__.txt/?_rsc=1-v0uQR77WhmiL_E:0
[   85454ms] [ERROR] Failed to load resource: the server responded with a status of 404 (Not Found) @ https://soccerline.dothome.co.kr/news/10/__next.news.$d$id.__PAGE__.txt/?_rsc=cb8Qque-lkWFORcx:0
[   85455ms] [ERROR] Failed to load resource: the server responded with a status of 404 (Not Found) @ https://soccerline.dothome.co.kr/news/10/__next.news.$d$id.txt/?_rsc=tFS1IOpfHf3pR9v6:0
[   85471ms] [ERROR] Failed to load resource: the server responded with a status of 404 (Not Found) @ https://soccerline.dothome.co.kr/news/9/__next.news.$d$id.txt/?_rsc=tFS1IOpfHf3pR9v6:0
[   85486ms] [ERROR] Failed to load resource: the server responded with a status of 404 (Not Found) @ https://soccerline.dothome.co.kr/news/9/__next.news.$d$id.__PAGE__.txt/?_rsc=cb8Qque-lkWFORcx:0
[   85499ms] [ERROR] Failed to load resource: the server responded with a status of 404 (Not Found) @ https://soccerline.dothome.co.kr/news/8/__next.news.$d$id.__PAGE__.txt/?_rsc=cb8Qque-lkWFORcx:0
[   85503ms] [ERROR] Failed to load resource: the server responded with a status of 404 (Not Found) @ https://soccerline.dothome.co.kr/news/8/__next.news.$d$id.txt/?_rsc=tFS1IOpfHf3pR9v6:0
[   85512ms] [ERROR] Failed to load resource: the server responded with a status of 404 (Not Found) @ https://soccerline.dothome.co.kr/news/5/__next.news.$d$id.txt/?_rsc=tFS1IOpfHf3pR9v6:0
[   85525ms] [ERROR] Failed to load resource: the server responded with a status of 404 (Not Found) @ https://soccerline.dothome.co.kr/news/5/__next.news.$d$id.__PAGE__.txt/?_rsc=cb8Qque-lkWFORcx:0
[   85538ms] [ERROR] Failed to load resource: the server responded with a status of 404 (Not Found) @ https://soccerline.dothome.co.kr/news/7/__next.news.$d$id.txt/?_rsc=tFS1IOpfHf3pR9v6:0
[   85543ms] [ERROR] Failed to load resource: the server responded with a status of 404 (Not Found) @ https://soccerline.dothome.co.kr/news/7/__next.news.$d$id.__PAGE__.txt/?_rsc=cb8Qque-lkWFORcx:0
[   85609ms] [ERROR] Failed to load resource: the server responded with a status of 404 (Not Found) @ https://soccerline.dothome.co.kr/news/4/__next.news.$d$id.__PAGE__.txt/?_rsc=cb8Qque-lkWFORcx:0
[   85610ms] [ERROR] Failed to load resource: the server responded with a status of 404 (Not Found) @ https://soccerline.dothome.co.kr/news/4/__next.news.$d$id.txt/?_rsc=tFS1IOpfHf3pR9v6:0
[   85612ms] [ERROR] Failed to load resource: the server responded with a status of 404 (Not Found) @ https://soccerline.dothome.co.kr/news/6/__next.news.$d$id.txt/?_rsc=tFS1IOpfHf3pR9v6:0
[   85612ms] [ERROR] Failed to load resource: the server responded with a status of 404 (Not Found) @ https://soccerline.dothome.co.kr/news/6/__next.news.$d$id.__PAGE__.txt/?_rsc=cb8Qque-lkWFORcx:0
[   85635ms] [ERROR] Failed to load resource: the server responded with a status of 404 (Not Found) @ https://soccerline.dothome.co.kr/news/2/__next.news.$d$id.txt/?_rsc=tFS1IOpfHf3pR9v6:0
[   85648ms] [ERROR] Failed to load resource: the server responded with a status of 404 (Not Found) @ https://soccerline.dothome.co.kr/news/2/__next.news.$d$id.__PAGE__.txt/?_rsc=cb8Qque-lkWFORcx:0
[   85668ms] [ERROR] Failed to load resource: the server responded with a status of 404 (Not Found) @ https://soccerline.dothome.co.kr/news/3/__next.news.$d$id.__PAGE__.txt/?_rsc=cb8Qque-lkWFORcx:0
[   85668ms] [ERROR] Failed to load resource: the server responded with a status of 404 (Not Found) @ https://soccerline.dothome.co.kr/news/3/__next.news.$d$id.txt/?_rsc=tFS1IOpfHf3pR9v6:0
[   85685ms] [ERROR] Failed to load resource: the server responded with a status of 404 (Not Found) @ https://soccerline.dothome.co.kr/news/1/__next.news.$d$id.txt/?_rsc=tFS1IOpfHf3pR9v6:0
[   85746ms] [ERROR] Failed to load resource: the server responded with a status of 404 (Not Found) @ https://soccerline.dothome.co.kr/news/1/__next.news.$d$id.__PAGE__.txt/?_rsc=cb8Qque-lkWFORcx:0
[   87415ms] [ERROR] Failed to load resource: the server responded with a status of 404 (Not Found) @ https://soccerline.dothome.co.kr/_next/static/chunks/17v4fs5wd1eb0.js/?t=1782615432952:0
[   94399ms] [WARNING] The resource https://soccerline.dothome.co.kr/_next/static/chunks/06cipn40fppav.css was preloaded using link preload but not used within a few seconds from the window's load event. Please make sure it has an appropriate `as` value and it is preloaded intentionally. @ https://soccerline.dothome.co.kr/about/:0
[   94895ms] [ERROR] Failed to load resource: the server responded with a status of 404 (Not Found) @ https://soccerline.dothome.co.kr/_next/static/chunks/13_e7y67368by.js/:0
[   94899ms] [ERROR] Failed to load resource: the server responded with a status of 404 (Not Found) @ https://soccerline.dothome.co.kr/_next/static/chunks/17v4fs5wd1eb0.js/:0
[   96523ms] [ERROR] Failed to load resource: the server responded with a status of 404 (Not Found) @ https://soccerline.dothome.co.kr/news/__next.news.__PAGE__.txt/?_rsc=zbHRN62Z7RdHs0r3:0
[   97109ms] [ERROR] Failed to load resource: the server responded with a status of 404 (Not Found) @ https://soccerline.dothome.co.kr/gallery/__next.gallery.__PAGE__.txt/?_rsc=1-v0uQR77WhmiL_E:0
[   97109ms] [ERROR] Failed to load resource: the server responded with a status of 404 (Not Found) @ https://soccerline.dothome.co.kr/squad/__next.squad.__PAGE__.txt/?_rsc=kOG6x_NYr3D5rY4p:0
[   97110ms] [ERROR] Failed to load resource: the server responded with a status of 404 (Not Found) @ https://soccerline.dothome.co.kr/contact/__next.contact.__PAGE__.txt/?_rsc=HE4lW81XRKH8of93:0
[   97111ms] [ERROR] Failed to load resource: the server responded with a status of 404 (Not Found) @ https://soccerline.dothome.co.kr/schedule/__next.schedule.__PAGE__.txt/?_rsc=m5F4nptZP4x6fzfy:0
[   97136ms] [ERROR] Failed to load resource: the server responded with a status of 404 (Not Found) @ https://soccerline.dothome.co.kr/news/2/__next.news.$d$id.__PAGE__.txt/?_rsc=cb8Qque-lkWFORcx:0
[   97136ms] [ERROR] Failed to load resource: the server responded with a status of 404 (Not Found) @ https://soccerline.dothome.co.kr/news/1/__next.news.$d$id.txt/?_rsc=tFS1IOpfHf3pR9v6:0
[   97137ms] [ERROR] Failed to load resource: the server responded with a status of 404 (Not Found) @ https://soccerline.dothome.co.kr/news/2/__next.news.$d$id.txt/?_rsc=tFS1IOpfHf3pR9v6:0
[   97138ms] [ERROR] Failed to load resource: the server responded with a status of 404 (Not Found) @ https://soccerline.dothome.co.kr/news/1/__next.news.$d$id.__PAGE__.txt/?_rsc=cb8Qque-lkWFORcx:0
[   97162ms] [ERROR] Failed to load resource: the server responded with a status of 404 (Not Found) @ https://soccerline.dothome.co.kr/about/__next.about.__PAGE__.txt/?_rsc=qFb3bnp6pdBYWxms:0
[   98084ms] [ERROR] Failed to load resource: the server responded with a status of 404 (Not Found) @ https://soccerline.dothome.co.kr/news/3/__next.news.$d$id.txt/?_rsc=tFS1IOpfHf3pR9v6:0
[   98085ms] [ERROR] Failed to load resource: the server responded with a status of 404 (Not Found) @ https://soccerline.dothome.co.kr/news/3/__next.news.$d$id.__PAGE__.txt/?_rsc=cb8Qque-lkWFORcx:0
[   98149ms] [ERROR] Failed to load resource: the server responded with a status of 404 (Not Found) @ https://soccerline.dothome.co.kr/news/4/__next.news.$d$id.__PAGE__.txt/?_rsc=cb8Qque-lkWFORcx:0
[   98165ms] [ERROR] Failed to load resource: the server responded with a status of 404 (Not Found) @ https://soccerline.dothome.co.kr/news/4/__next.news.$d$id.txt/?_rsc=tFS1IOpfHf3pR9v6:0
[  101232ms] [WARNING] The resource https://soccerline.dothome.co.kr/_next/static/chunks/06cipn40fppav.css was preloaded using link preload but not used within a few seconds from the window's load event. Please make sure it has an appropriate `as` value and it is preloaded intentionally. @ https://soccerline.dothome.co.kr/news/:0
[  118604ms] [ERROR] Failed to load resource: the server responded with a status of 404 (Not Found) @ https://soccerline.dothome.co.kr/_next/static/chunks/13_e7y67368by.js/:0
[  121662ms] [WARNING] The resource https://soccerline.dothome.co.kr/_next/static/chunks/06cipn40fppav.css was preloaded using link preload but not used within a few seconds from the window's load event. Please make sure it has an appropriate `as` value and it is preloaded intentionally. @ https://soccerline.dothome.co.kr/news/:0
[  139481ms] [ERROR] Failed to load resource: the server responded with a status of 404 (Not Found) @ https://soccerline.dothome.co.kr/news/__next.news.__PAGE__.txt/?category=malaysia&_rsc=WBUt9pT-lghPL-98:0
[  139561ms] [ERROR] Failed to load resource: the server responded with a status of 404 (Not Found) @ https://soccerline.dothome.co.kr/news/2/__next.news.$d$id.txt/?_rsc=tFS1IOpfHf3pR9v6:0
[  139562ms] [ERROR] Failed to load resource: the server responded with a status of 404 (Not Found) @ https://soccerline.dothome.co.kr/news/2/__next.news.$d$id.__PAGE__.txt/?_rsc=cb8Qque-lkWFORcx:0
[  141120ms] [ERROR] Failed to load resource: the server responded with a status of 404 (Not Found) @ https://soccerline.dothome.co.kr/contact/__next.contact.__PAGE__.txt/?_rsc=BiuOixuigeBXVJn7:0
[  141120ms] [ERROR] Failed to load resource: the server responded with a status of 404 (Not Found) @ https://soccerline.dothome.co.kr/gallery/__next.gallery.__PAGE__.txt/?_rsc=Ms9RZ1ulVGHZx9cA:0
[  141128ms] [ERROR] Failed to load resource: the server responded with a status of 404 (Not Found) @ https://soccerline.dothome.co.kr/schedule/__next.schedule.__PAGE__.txt/?_rsc=ZH-R3HpAI-UvSgLf:0
[  141129ms] [ERROR] Failed to load resource: the server responded with a status of 404 (Not Found) @ https://soccerline.dothome.co.kr/squad/__next.squad.__PAGE__.txt/?_rsc=2CFRl4k00sRRjoRg:0
[  141157ms] [ERROR] Failed to load resource: the server responded with a status of 404 (Not Found) @ https://soccerline.dothome.co.kr/about/__next.about.__PAGE__.txt/?_rsc=hzcUC6YqarYE9pKE:0
[  144109ms] [ERROR] Failed to load resource: the server responded with a status of 404 (Not Found) @ https://soccerline.dothome.co.kr/news/1/__next.news.$d$id.__PAGE__.txt/?_rsc=cb8Qque-lkWFORcx:0
[  144109ms] [ERROR] Failed to load resource: the server responded with a status of 404 (Not Found) @ https://soccerline.dothome.co.kr/news/1/__next.news.$d$id.txt/?_rsc=tFS1IOpfHf3pR9v6:0
[  146906ms] [ERROR] Failed to load resource: the server responded with a status of 404 (Not Found) @ https://soccerline.dothome.co.kr/news/3/__next.news.$d$id.txt/?_rsc=tFS1IOpfHf3pR9v6:0
[  146906ms] [ERROR] Failed to load resource: the server responded with a status of 404 (Not Found) @ https://soccerline.dothome.co.kr/news/3/__next.news.$d$id.__PAGE__.txt/?_rsc=cb8Qque-lkWFORcx:0
[  149964ms] [WARNING] The resource https://soccerline.dothome.co.kr/_next/static/chunks/06cipn40fppav.css was preloaded using link preload but not used within a few seconds from the window's load event. Please make sure it has an appropriate `as` value and it is preloaded intentionally. @ https://soccerline.dothome.co.kr/news/:0
[  150671ms] [ERROR] Failed to load resource: the server responded with a status of 404 (Not Found) @ https://soccerline.dothome.co.kr/news/5/__next.news.$d$id.__PAGE__.txt/?_rsc=cb8Qque-lkWFORcx:0
[  150678ms] [ERROR] Failed to load resource: the server responded with a status of 404 (Not Found) @ https://soccerline.dothome.co.kr/news/5/__next.news.$d$id.txt/?_rsc=tFS1IOpfHf3pR9v6:0
[  150678ms] [ERROR] Failed to load resource: the server responded with a status of 404 (Not Found) @ https://soccerline.dothome.co.kr/news/4/__next.news.$d$id.__PAGE__.txt/?_rsc=cb8Qque-lkWFORcx:0
[  150678ms] [ERROR] Failed to load resource: the server responded with a status of 404 (Not Found) @ https://soccerline.dothome.co.kr/news/4/__next.news.$d$id.txt/?_rsc=tFS1IOpfHf3pR9v6:0
[  152098ms] [ERROR] Failed to load resource: the server responded with a status of 404 (Not Found) @ https://soccerline.dothome.co.kr/news/7/__next.news.$d$id.txt/?_rsc=tFS1IOpfHf3pR9v6:0
[  152101ms] [ERROR] Failed to load resource: the server responded with a status of 404 (Not Found) @ https://soccerline.dothome.co.kr/news/7/__next.news.$d$id.__PAGE__.txt/?_rsc=cb8Qque-lkWFORcx:0
[  152387ms] [ERROR] Failed to load resource: the server responded with a status of 404 (Not Found) @ https://soccerline.dothome.co.kr/_next/static/chunks/15hizuvdheqpx.css/:0
[  153019ms] [ERROR] Failed to load resource: the server responded with a status of 404 (Not Found) @ https://soccerline.dothome.co.kr/about/__next.about.__PAGE__.txt/?_rsc=LRKJcZa7qO8jqp6C:0
[  153020ms] [ERROR] Failed to load resource: the server responded with a status of 404 (Not Found) @ https://soccerline.dothome.co.kr/news/__next.news.__PAGE__.txt/?_rsc=WBUt9pT-lghPL-98:0
[  153020ms] [ERROR] Failed to load resource: the server responded with a status of 404 (Not Found) @ https://soccerline.dothome.co.kr/contact/__next.contact.__PAGE__.txt/?_rsc=q9aN_167qKH2VCA4:0
[  153057ms] [ERROR] Failed to load resource: the server responded with a status of 404 (Not Found) @ https://soccerline.dothome.co.kr/squad/__next.squad.__PAGE__.txt/?_rsc=K3aFQLxaFmHjYGou:0
[  153070ms] [ERROR] Failed to load resource: the server responded with a status of 404 (Not Found) @ https://soccerline.dothome.co.kr/schedule/__next.schedule.__PAGE__.txt/?_rsc=uo_1z0K8dZZd1hR7:0
[  153122ms] [ERROR] Failed to load resource: the server responded with a status of 404 (Not Found) @ https://soccerline.dothome.co.kr/gallery/__next.gallery.__PAGE__.txt/?_rsc=zbAqrSO_0EG9DBC3:0
[  154812ms] [ERROR] Failed to load resource: the server responded with a status of 404 (Not Found) @ https://soccerline.dothome.co.kr/news/2/__next.news.$d$id.txt/?_rsc=tFS1IOpfHf3pR9v6:0
[  154812ms] [ERROR] Failed to load resource: the server responded with a status of 404 (Not Found) @ https://soccerline.dothome.co.kr/news/2/__next.news.$d$id.__PAGE__.txt/?_rsc=cb8Qque-lkWFORcx:0
[  156821ms] [ERROR] Failed to load resource: the server responded with a status of 404 (Not Found) @ https://soccerline.dothome.co.kr/news/1/__next.news.$d$id.txt/?_rsc=tFS1IOpfHf3pR9v6:0
[  156821ms] [ERROR] Failed to load resource: the server responded with a status of 404 (Not Found) @ https://soccerline.dothome.co.kr/news/1/__next.news.$d$id.__PAGE__.txt/?_rsc=cb8Qque-lkWFORcx:0
[  157528ms] [ERROR] Failed to load resource: the server responded with a status of 404 (Not Found) @ https://soccerline.dothome.co.kr/news/3/__next.news.$d$id.__PAGE__.txt/?_rsc=cb8Qque-lkWFORcx:0
[  157528ms] [ERROR] Failed to load resource: the server responded with a status of 404 (Not Found) @ https://soccerline.dothome.co.kr/news/3/__next.news.$d$id.txt/?_rsc=tFS1IOpfHf3pR9v6:0
[  159421ms] [ERROR] Failed to load resource: the server responded with a status of 404 (Not Found) @ https://soccerline.dothome.co.kr/news/6/__next.news.$d$id.txt/?_rsc=tFS1IOpfHf3pR9v6:0
[  159421ms] [ERROR] Failed to load resource: the server responded with a status of 404 (Not Found) @ https://soccerline.dothome.co.kr/news/6/__next.news.$d$id.__PAGE__.txt/?_rsc=cb8Qque-lkWFORcx:0
[  159979ms] [ERROR] Failed to load resource: the server responded with a status of 404 (Not Found) @ https://soccerline.dothome.co.kr/news/8/__next.news.$d$id.__PAGE__.txt/?_rsc=cb8Qque-lkWFORcx:0
[  159980ms] [ERROR] Failed to load resource: the server responded with a status of 404 (Not Found) @ https://soccerline.dothome.co.kr/news/8/__next.news.$d$id.txt/?_rsc=tFS1IOpfHf3pR9v6:0
[  159986ms] [ERROR] Failed to load resource: the server responded with a status of 404 (Not Found) @ https://soccerline.dothome.co.kr/news/9/__next.news.$d$id.__PAGE__.txt/?_rsc=cb8Qque-lkWFORcx:0
[  159986ms] [ERROR] Failed to load resource: the server responded with a status of 404 (Not Found) @ https://soccerline.dothome.co.kr/news/9/__next.news.$d$id.txt/?_rsc=tFS1IOpfHf3pR9v6:0
[  160014ms] [ERROR] Failed to load resource: the server responded with a status of 404 (Not Found) @ https://soccerline.dothome.co.kr/news/10/__next.news.$d$id.__PAGE__.txt/?_rsc=cb8Qque-lkWFORcx:0
[  160015ms] [ERROR] Failed to load resource: the server responded with a status of 404 (Not Found) @ https://soccerline.dothome.co.kr/news/10/__next.news.$d$id.txt/?_rsc=tFS1IOpfHf3pR9v6:0
[  160401ms] [ERROR] Failed to load resource: the server responded with a status of 404 (Not Found) @ https://soccerline.dothome.co.kr/news/11/__next.news.$d$id.txt/?_rsc=tFS1IOpfHf3pR9v6:0
[  160403ms] [ERROR] Failed to load resource: the server responded with a status of 404 (Not Found) @ https://soccerline.dothome.co.kr/news/11/__next.news.$d$id.__PAGE__.txt/?_rsc=cb8Qque-lkWFORcx:0
[  160433ms] [ERROR] Failed to load resource: the server responded with a status of 404 (Not Found) @ https://soccerline.dothome.co.kr/news/12/__next.news.$d$id.__PAGE__.txt/?_rsc=cb8Qque-lkWFORcx:0
[  160435ms] [ERROR] Failed to load resource: the server responded with a status of 404 (Not Found) @ https://soccerline.dothome.co.kr/news/12/__next.news.$d$id.txt/?_rsc=tFS1IOpfHf3pR9v6:0
[  160475ms] [ERROR] Failed to load resource: the server responded with a status of 404 (Not Found) @ https://soccerline.dothome.co.kr/news/13/__next.news.$d$id.txt/?_rsc=tFS1IOpfHf3pR9v6:0
[  160476ms] [ERROR] Failed to load resource: the server responded with a status of 404 (Not Found) @ https://soccerline.dothome.co.kr/news/13/__next.news.$d$id.__PAGE__.txt/?_rsc=cb8Qque-lkWFORcx:0
[  160855ms] [ERROR] Failed to load resource: the server responded with a status of 404 (Not Found) @ https://soccerline.dothome.co.kr/news/14/__next.news.$d$id.txt/?_rsc=tFS1IOpfHf3pR9v6:0
[  160859ms] [ERROR] Failed to load resource: the server responded with a status of 404 (Not Found) @ https://soccerline.dothome.co.kr/news/14/__next.news.$d$id.__PAGE__.txt/?_rsc=cb8Qque-lkWFORcx:0
[  160888ms] [ERROR] Failed to load resource: the server responded with a status of 404 (Not Found) @ https://soccerline.dothome.co.kr/news/15/__next.news.$d$id.__PAGE__.txt/?_rsc=cb8Qque-lkWFORcx:0
[  160889ms] [ERROR] Failed to load resource: the server responded with a status of 404 (Not Found) @ https://soccerline.dothome.co.kr/news/15/__next.news.$d$id.txt/?_rsc=tFS1IOpfHf3pR9v6:0
[  160937ms] [ERROR] Failed to load resource: the server responded with a status of 404 (Not Found) @ https://soccerline.dothome.co.kr/news/16/__next.news.$d$id.txt/?_rsc=tFS1IOpfHf3pR9v6:0
[  160937ms] [ERROR] Failed to load resource: the server responded with a status of 404 (Not Found) @ https://soccerline.dothome.co.kr/news/16/__next.news.$d$id.__PAGE__.txt/?_rsc=cb8Qque-lkWFORcx:0
[  163128ms] [ERROR] Failed to load resource: the server responded with a status of 404 (Not Found) @ https://soccerline.dothome.co.kr/squad/__next.squad.__PAGE__.txt/?_rsc=kOG6x_NYr3D5rY4p:0
[  166184ms] [WARNING] The resource https://soccerline.dothome.co.kr/_next/static/chunks/06cipn40fppav.css was preloaded using link preload but not used within a few seconds from the window's load event. Please make sure it has an appropriate `as` value and it is preloaded intentionally. @ https://soccerline.dothome.co.kr/news/:0
[  193785ms] [ERROR] Failed to load resource: the server responded with a status of 404 (Not Found) @ https://soccerline.dothome.co.kr/_next/static/chunks/17v4fs5wd1eb0.js/:0
[  193789ms] [ERROR] Failed to load resource: the server responded with a status of 404 (Not Found) @ https://soccerline.dothome.co.kr/_next/static/chunks/13_e7y67368by.js/:0
[  196847ms] [WARNING] The resource https://soccerline.dothome.co.kr/_next/static/chunks/06cipn40fppav.css was preloaded using link preload but not used within a few seconds from the window's load event. Please make sure it has an appropriate `as` value and it is preloaded intentionally. @ https://soccerline.dothome.co.kr/news/:0
[  429305ms] [ERROR] Failed to load resource: the server responded with a status of 404 (Not Found) @ https://soccerline.dothome.co.kr/news/16/__next.news.$d$id.__PAGE__.txt/?_rsc=cb8Qque-lkWFORcx:0
[  429306ms] [ERROR] Failed to load resource: the server responded with a status of 404 (Not Found) @ https://soccerline.dothome.co.kr/news/16/__next.news.$d$id.txt/?_rsc=tFS1IOpfHf3pR9v6:0
[  429669ms] [ERROR] Failed to load resource: the server responded with a status of 404 (Not Found) @ https://soccerline.dothome.co.kr/news/15/__next.news.$d$id.txt/?_rsc=tFS1IOpfHf3pR9v6:0
[  429669ms] [ERROR] Failed to load resource: the server responded with a status of 404 (Not Found) @ https://soccerline.dothome.co.kr/news/15/__next.news.$d$id.__PAGE__.txt/?_rsc=cb8Qque-lkWFORcx:0
[  429681ms] [ERROR] Failed to load resource: the server responded with a status of 404 (Not Found) @ https://soccerline.dothome.co.kr/news/14/__next.news.$d$id.txt/?_rsc=tFS1IOpfHf3pR9v6:0
[  429681ms] [ERROR] Failed to load resource: the server responded with a status of 404 (Not Found) @ https://soccerline.dothome.co.kr/news/14/__next.news.$d$id.__PAGE__.txt/?_rsc=cb8Qque-lkWFORcx:0
[  430601ms] [ERROR] Failed to load resource: the server responded with a status of 404 (Not Found) @ https://soccerline.dothome.co.kr/news/__next.news.__PAGE__.txt/?_rsc=4Zjh-5Tq7TcQ5UAy:0
[  430611ms] [ERROR] Failed to load resource: the server responded with a status of 404 (Not Found) @ https://soccerline.dothome.co.kr/news/6/__next.news.$d$id.__PAGE__.txt/?_rsc=FiWtR88gYT-QvXJd:0
[  430611ms] [ERROR] Failed to load resource: the server responded with a status of 404 (Not Found) @ https://soccerline.dothome.co.kr/news/6/__next.news.$d$id.txt/?_rsc=o84hVnqrKZfQ-NAw:0
[  430635ms] [ERROR] Failed to load resource: the server responded with a status of 404 (Not Found) @ https://soccerline.dothome.co.kr/news/3/__next.news.$d$id.txt/?_rsc=o84hVnqrKZfQ-NAw:0
[  430636ms] [ERROR] Failed to load resource: the server responded with a status of 404 (Not Found) @ https://soccerline.dothome.co.kr/news/3/__next.news.$d$id.__PAGE__.txt/?_rsc=FiWtR88gYT-QvXJd:0
[  430642ms] [ERROR] Failed to load resource: the server responded with a status of 404 (Not Found) @ https://soccerline.dothome.co.kr/news/1/__next.news.$d$id.txt/?_rsc=o84hVnqrKZfQ-NAw:0
[  430654ms] [ERROR] Failed to load resource: the server responded with a status of 404 (Not Found) @ https://soccerline.dothome.co.kr/news/1/__next.news.$d$id.__PAGE__.txt/?_rsc=FiWtR88gYT-QvXJd:0
[  430666ms] [ERROR] Failed to load resource: the server responded with a status of 404 (Not Found) @ https://soccerline.dothome.co.kr/contact/__next.contact.__PAGE__.txt/?_rsc=pIrfVqtvQVMFr-DQ:0
[  430678ms] [ERROR] Failed to load resource: the server responded with a status of 404 (Not Found) @ https://soccerline.dothome.co.kr/gallery/__next.gallery.__PAGE__.txt/?_rsc=tQc2A61hp-RlBiv7:0
[  430694ms] [ERROR] Failed to load resource: the server responded with a status of 404 (Not Found) @ https://soccerline.dothome.co.kr/schedule/__next.schedule.__PAGE__.txt/?_rsc=HCTk5q9189h6FESo:0
[  430704ms] [ERROR] Failed to load resource: the server responded with a status of 404 (Not Found) @ https://soccerline.dothome.co.kr/squad/__next.squad.__PAGE__.txt/?_rsc=e2WRa2GfP7CYFdwr:0
[  430717ms] [ERROR] Failed to load resource: the server responded with a status of 404 (Not Found) @ https://soccerline.dothome.co.kr/about/__next.about.__PAGE__.txt/?_rsc=01CM4CEJloNJ8xih:0
[  434042ms] [ERROR] Failed to load resource: the server responded with a status of 404 (Not Found) @ https://soccerline.dothome.co.kr/news/2/__next.news.$d$id.txt/?_rsc=tFS1IOpfHf3pR9v6:0
[  434042ms] [ERROR] Failed to load resource: the server responded with a status of 404 (Not Found) @ https://soccerline.dothome.co.kr/news/2/__next.news.$d$id.__PAGE__.txt/?_rsc=cb8Qque-lkWFORcx:0
[  436066ms] [ERROR] Refused to apply style from 'https://soccerline.dothome.co.kr/_next/static/chunks/15hizuvdheqpx.css/' because its MIME type ('text/html') is not a supported stylesheet MIME type, and strict MIME checking is enabled. @ https://soccerline.dothome.co.kr/news/:0
[  436091ms] [ERROR] Failed to load resource: the server responded with a status of 404 (Not Found) @ https://soccerline.dothome.co.kr/_next/static/chunks/17v4fs5wd1eb0.js/:0
[  436091ms] [ERROR] Refused to execute script from 'https://soccerline.dothome.co.kr/_next/static/chunks/17v4fs5wd1eb0.js/' because its MIME type ('text/html') is not executable, and strict MIME type checking is enabled. @ https://soccerline.dothome.co.kr/news/:0
[  436093ms] [ERROR] Failed to load resource: the server responded with a status of 404 (Not Found) @ https://soccerline.dothome.co.kr/_next/static/chunks/0d0r3.gc-v0nm.js/:0
[  436093ms] [ERROR] Refused to execute script from 'https://soccerline.dothome.co.kr/_next/static/chunks/0d0r3.gc-v0nm.js/' because its MIME type ('text/html') is not executable, and strict MIME type checking is enabled. @ https://soccerline.dothome.co.kr/news/:0
[  436097ms] ChunkLoadError: Failed to load chunk /_next/static/chunks/17v4fs5wd1eb0.js from module 1089
    at https://soccerline.dothome.co.kr/_next/static/chunks/turbopack-0uyfyurgrvo.3.js:1:6096
[  444872ms] [ERROR] Failed to load resource: the server responded with a status of 404 (Not Found) @ https://soccerline.dothome.co.kr/contact/__next.contact.__PAGE__.txt/?_rsc=2R6Rr4akohQHAHZ0:0
[  444875ms] [ERROR] Failed to load resource: the server responded with a status of 404 (Not Found) @ https://soccerline.dothome.co.kr/gallery/__next.gallery.__PAGE__.txt/?_rsc=zk_af6Wjx10rat99:0
[  444877ms] [ERROR] Failed to load resource: the server responded with a status of 404 (Not Found) @ https://soccerline.dothome.co.kr/schedule/__next.schedule.__PAGE__.txt/?_rsc=FmFoE0KC9auJhfIa:0
[  444890ms] [ERROR] Failed to load resource: the server responded with a status of 404 (Not Found) @ https://soccerline.dothome.co.kr/squad/__next.squad.__PAGE__.txt/?_rsc=97NtwQh06YEharCJ:0
[  444903ms] [ERROR] Failed to load resource: the server responded with a status of 404 (Not Found) @ https://soccerline.dothome.co.kr/about/__next.about.__PAGE__.txt/?_rsc=-PmfjtzM0R4ONS4g:0
[  444903ms] [ERROR] Failed to load resource: the server responded with a status of 404 (Not Found) @ https://soccerline.dothome.co.kr/news/__next.news.__PAGE__.txt/?_rsc=zbHRN62Z7RdHs0r3:0
[  445717ms] [ERROR] Failed to load resource: the server responded with a status of 404 (Not Found) @ https://soccerline.dothome.co.kr/news/1/__next.news.$d$id.__PAGE__.txt/?_rsc=cb8Qque-lkWFORcx:0
[  445717ms] [ERROR] Failed to load resource: the server responded with a status of 404 (Not Found) @ https://soccerline.dothome.co.kr/news/2/__next.news.$d$id.txt/?_rsc=tFS1IOpfHf3pR9v6:0
[  445718ms] [ERROR] Failed to load resource: the server responded with a status of 404 (Not Found) @ https://soccerline.dothome.co.kr/news/2/__next.news.$d$id.__PAGE__.txt/?_rsc=cb8Qque-lkWFORcx:0
[  445719ms] [ERROR] Failed to load resource: the server responded with a status of 404 (Not Found) @ https://soccerline.dothome.co.kr/news/1/__next.news.$d$id.txt/?_rsc=tFS1IOpfHf3pR9v6:0
[  446761ms] [ERROR] Failed to load resource: the server responded with a status of 404 (Not Found) @ https://soccerline.dothome.co.kr/news/3/__next.news.$d$id.txt/?_rsc=tFS1IOpfHf3pR9v6:0
[  446761ms] [ERROR] Failed to load resource: the server responded with a status of 404 (Not Found) @ https://soccerline.dothome.co.kr/news/3/__next.news.$d$id.__PAGE__.txt/?_rsc=cb8Qque-lkWFORcx:0
[  446792ms] [ERROR] Failed to load resource: the server responded with a status of 404 (Not Found) @ https://soccerline.dothome.co.kr/news/4/__next.news.$d$id.__PAGE__.txt/?_rsc=cb8Qque-lkWFORcx:0
[  446793ms] [ERROR] Failed to load resource: the server responded with a status of 404 (Not Found) @ https://soccerline.dothome.co.kr/news/4/__next.news.$d$id.txt/?_rsc=tFS1IOpfHf3pR9v6:0
[  447104ms] [ERROR] Failed to load resource: the server responded with a status of 404 (Not Found) @ https://soccerline.dothome.co.kr/news/5/__next.news.$d$id.__PAGE__.txt/?_rsc=cb8Qque-lkWFORcx:0
[  447105ms] [ERROR] Failed to load resource: the server responded with a status of 404 (Not Found) @ https://soccerline.dothome.co.kr/news/5/__next.news.$d$id.txt/?_rsc=tFS1IOpfHf3pR9v6:0
[  447195ms] [ERROR] Failed to load resource: the server responded with a status of 404 (Not Found) @ https://soccerline.dothome.co.kr/news/6/__next.news.$d$id.txt/?_rsc=tFS1IOpfHf3pR9v6:0
[  447196ms] [ERROR] Failed to load resource: the server responded with a status of 404 (Not Found) @ https://soccerline.dothome.co.kr/news/6/__next.news.$d$id.__PAGE__.txt/?_rsc=cb8Qque-lkWFORcx:0
[  447211ms] [ERROR] Failed to load resource: the server responded with a status of 404 (Not Found) @ https://soccerline.dothome.co.kr/news/7/__next.news.$d$id.__PAGE__.txt/?_rsc=cb8Qque-lkWFORcx:0
[  447217ms] [ERROR] Failed to load resource: the server responded with a status of 404 (Not Found) @ https://soccerline.dothome.co.kr/news/7/__next.news.$d$id.txt/?_rsc=tFS1IOpfHf3pR9v6:0
[  447511ms] [ERROR] Failed to load resource: the server responded with a status of 404 (Not Found) @ https://soccerline.dothome.co.kr/_next/static/chunks/17v4fs5wd1eb0.js/:0
[  447511ms] [ERROR] Refused to execute script from 'https://soccerline.dothome.co.kr/_next/static/chunks/17v4fs5wd1eb0.js/' because its MIME type ('text/html') is not executable, and strict MIME type checking is enabled. @ https://soccerline.dothome.co.kr/news/:0
[  447513ms] [ERROR] Failed to load resource: the server responded with a status of 404 (Not Found) @ https://soccerline.dothome.co.kr/_next/static/chunks/0d0r3.gc-v0nm.js/:0
[  447513ms] [ERROR] Refused to execute script from 'https://soccerline.dothome.co.kr/_next/static/chunks/0d0r3.gc-v0nm.js/' because its MIME type ('text/html') is not executable, and strict MIME type checking is enabled. @ https://soccerline.dothome.co.kr/news/:0
[  447513ms] [ERROR] Refused to apply style from 'https://soccerline.dothome.co.kr/_next/static/chunks/15hizuvdheqpx.css/' because its MIME type ('text/html') is not a supported stylesheet MIME type, and strict MIME checking is enabled. @ https://soccerline.dothome.co.kr/news/:0
[  449172ms] [ERROR] Failed to load resource: the server responded with a status of 404 (Not Found) @ https://soccerline.dothome.co.kr/_next/static/chunks/17v4fs5wd1eb0.js/:0
[  449172ms] [ERROR] Refused to execute script from 'https://soccerline.dothome.co.kr/_next/static/chunks/17v4fs5wd1eb0.js/' because its MIME type ('text/html') is not executable, and strict MIME type checking is enabled. @ https://soccerline.dothome.co.kr/news/:0
[  449172ms] [ERROR] Refused to apply style from 'https://soccerline.dothome.co.kr/_next/static/chunks/15hizuvdheqpx.css/' because its MIME type ('text/html') is not a supported stylesheet MIME type, and strict MIME checking is enabled. @ https://soccerline.dothome.co.kr/news/:0
[  449183ms] [ERROR] Failed to load resource: the server responded with a status of 404 (Not Found) @ https://soccerline.dothome.co.kr/_next/static/chunks/0d0r3.gc-v0nm.js/:0
[  449183ms] [ERROR] Refused to execute script from 'https://soccerline.dothome.co.kr/_next/static/chunks/0d0r3.gc-v0nm.js/' because its MIME type ('text/html') is not executable, and strict MIME type checking is enabled. @ https://soccerline.dothome.co.kr/news/:0
[  455591ms] [ERROR] Failed to load resource: the server responded with a status of 404 (Not Found) @ https://soccerline.dothome.co.kr/news/2/__next.news.$d$id.__PAGE__.txt/?_rsc=cb8Qque-lkWFORcx:0
[  455592ms] [ERROR] Failed to load resource: the server responded with a status of 404 (Not Found) @ https://soccerline.dothome.co.kr/news/1/__next.news.$d$id.txt/?_rsc=tFS1IOpfHf3pR9v6:0
[  455593ms] [ERROR] Failed to load resource: the server responded with a status of 404 (Not Found) @ https://soccerline.dothome.co.kr/news/2/__next.news.$d$id.txt/?_rsc=tFS1IOpfHf3pR9v6:0
[  455606ms] [ERROR] Failed to load resource: the server responded with a status of 404 (Not Found) @ https://soccerline.dothome.co.kr/news/1/__next.news.$d$id.__PAGE__.txt/?_rsc=cb8Qque-lkWFORcx:0
[  455622ms] [ERROR] Failed to load resource: the server responded with a status of 404 (Not Found) @ https://soccerline.dothome.co.kr/contact/__next.contact.__PAGE__.txt/?_rsc=HE4lW81XRKH8of93:0
[  455636ms] [ERROR] Failed to load resource: the server responded with a status of 404 (Not Found) @ https://soccerline.dothome.co.kr/gallery/__next.gallery.__PAGE__.txt/?_rsc=1-v0uQR77WhmiL_E:0
[  455645ms] [ERROR] Failed to load resource: the server responded with a status of 404 (Not Found) @ https://soccerline.dothome.co.kr/schedule/__next.schedule.__PAGE__.txt/?_rsc=m5F4nptZP4x6fzfy:0
[  455770ms] [ERROR] Failed to load resource: the server responded with a status of 404 (Not Found) @ https://soccerline.dothome.co.kr/squad/__next.squad.__PAGE__.txt/?_rsc=kOG6x_NYr3D5rY4p:0
[  455786ms] [ERROR] Failed to load resource: the server responded with a status of 404 (Not Found) @ https://soccerline.dothome.co.kr/news/__next.news.__PAGE__.txt/?_rsc=SotF8VA5TgG7UKrQ:0
[  455914ms] [ERROR] Failed to load resource: the server responded with a status of 404 (Not Found) @ https://soccerline.dothome.co.kr/about/__next.about.__PAGE__.txt/?_rsc=qFb3bnp6pdBYWxms:0
[  457343ms] [ERROR] Failed to load resource: the server responded with a status of 404 (Not Found) @ https://soccerline.dothome.co.kr/news/3/__next.news.$d$id.__PAGE__.txt/?_rsc=cb8Qque-lkWFORcx:0
[  457351ms] [ERROR] Failed to load resource: the server responded with a status of 404 (Not Found) @ https://soccerline.dothome.co.kr/news/3/__next.news.$d$id.txt/?_rsc=tFS1IOpfHf3pR9v6:0
[  459091ms] [ERROR] Failed to load resource: the server responded with a status of 404 (Not Found) @ https://soccerline.dothome.co.kr/news/4/__next.news.$d$id.txt/?_rsc=tFS1IOpfHf3pR9v6:0
[  459093ms] [ERROR] Failed to load resource: the server responded with a status of 404 (Not Found) @ https://soccerline.dothome.co.kr/news/5/__next.news.$d$id.txt/?_rsc=tFS1IOpfHf3pR9v6:0
[  459094ms] [ERROR] Failed to load resource: the server responded with a status of 404 (Not Found) @ https://soccerline.dothome.co.kr/news/4/__next.news.$d$id.__PAGE__.txt/?_rsc=cb8Qque-lkWFORcx:0
[  459094ms] [ERROR] Failed to load resource: the server responded with a status of 404 (Not Found) @ https://soccerline.dothome.co.kr/news/5/__next.news.$d$id.__PAGE__.txt/?_rsc=cb8Qque-lkWFORcx:0
[  463222ms] [WARNING] The resource https://soccerline.dothome.co.kr/_next/static/chunks/06cipn40fppav.css was preloaded using link preload but not used within a few seconds from the window's load event. Please make sure it has an appropriate `as` value and it is preloaded intentionally. @ https://soccerline.dothome.co.kr/news/:0
[  570262ms] [ERROR] Failed to load resource: the server responded with a status of 404 (Not Found) @ https://soccerline.dothome.co.kr/news/2/__next.news.$d$id.txt/?_rsc=tFS1IOpfHf3pR9v6:0
[  570263ms] [ERROR] Failed to load resource: the server responded with a status of 404 (Not Found) @ https://soccerline.dothome.co.kr/news/2/__next.news.$d$id.__PAGE__.txt/?_rsc=cb8Qque-lkWFORcx:0
[  572410ms] [ERROR] Refused to apply style from 'https://soccerline.dothome.co.kr/_next/static/chunks/15hizuvdheqpx.css/' because its MIME type ('text/html') is not a supported stylesheet MIME type, and strict MIME checking is enabled. @ https://soccerline.dothome.co.kr/news/:0
[  572436ms] [ERROR] Failed to load resource: the server responded with a status of 404 (Not Found) @ https://soccerline.dothome.co.kr/_next/static/chunks/17v4fs5wd1eb0.js/:0
[  572436ms] [ERROR] Refused to execute script from 'https://soccerline.dothome.co.kr/_next/static/chunks/17v4fs5wd1eb0.js/' because its MIME type ('text/html') is not executable, and strict MIME type checking is enabled. @ https://soccerline.dothome.co.kr/news/:0
[  572436ms] [ERROR] Failed to load resource: the server responded with a status of 404 (Not Found) @ https://soccerline.dothome.co.kr/_next/static/chunks/0d0r3.gc-v0nm.js/:0
[  572437ms] [ERROR] Refused to execute script from 'https://soccerline.dothome.co.kr/_next/static/chunks/0d0r3.gc-v0nm.js/' because its MIME type ('text/html') is not executable, and strict MIME type checking is enabled. @ https://soccerline.dothome.co.kr/news/:0
[  572447ms] ChunkLoadError: Failed to load chunk /_next/static/chunks/17v4fs5wd1eb0.js from module 1089
    at https://soccerline.dothome.co.kr/_next/static/chunks/turbopack-0uyfyurgrvo.3.js:1:6096
[  573473ms] [ERROR] Failed to load resource: the server responded with a status of 404 (Not Found) @ https://soccerline.dothome.co.kr/_next/static/chunks/0d0r3.gc-v0nm.js/:0
[  573473ms] [ERROR] Refused to execute script from 'https://soccerline.dothome.co.kr/_next/static/chunks/0d0r3.gc-v0nm.js/' because its MIME type ('text/html') is not executable, and strict MIME type checking is enabled. @ https://soccerline.dothome.co.kr/news/:0
[  573473ms] [ERROR] Refused to apply style from 'https://soccerline.dothome.co.kr/_next/static/chunks/15hizuvdheqpx.css/' because its MIME type ('text/html') is not a supported stylesheet MIME type, and strict MIME checking is enabled. @ https://soccerline.dothome.co.kr/news/:0
[  573494ms] [ERROR] Failed to load resource: the server responded with a status of 404 (Not Found) @ https://soccerline.dothome.co.kr/_next/static/chunks/17v4fs5wd1eb0.js/:0
[  573495ms] [ERROR] Refused to execute script from 'https://soccerline.dothome.co.kr/_next/static/chunks/17v4fs5wd1eb0.js/' because its MIME type ('text/html') is not executable, and strict MIME type checking is enabled. @ https://soccerline.dothome.co.kr/news/:0
[  573504ms] ChunkLoadError: Failed to load chunk /_next/static/chunks/17v4fs5wd1eb0.js from module 1089
    at https://soccerline.dothome.co.kr/_next/static/chunks/turbopack-0uyfyurgrvo.3.js:1:6096
[  573917ms] [ERROR] Refused to apply style from 'https://soccerline.dothome.co.kr/_next/static/chunks/15hizuvdheqpx.css/' because its MIME type ('text/html') is not a supported stylesheet MIME type, and strict MIME checking is enabled. @ https://soccerline.dothome.co.kr/news/:0
[  573937ms] [ERROR] Failed to load resource: the server responded with a status of 404 (Not Found) @ https://soccerline.dothome.co.kr/_next/static/chunks/17v4fs5wd1eb0.js/:0
[  573937ms] [ERROR] Refused to execute script from 'https://soccerline.dothome.co.kr/_next/static/chunks/17v4fs5wd1eb0.js/' because its MIME type ('text/html') is not executable, and strict MIME type checking is enabled. @ https://soccerline.dothome.co.kr/news/:0
[  573937ms] [ERROR] Failed to load resource: the server responded with a status of 404 (Not Found) @ https://soccerline.dothome.co.kr/_next/static/chunks/0d0r3.gc-v0nm.js/:0
[  573937ms] [ERROR] Refused to execute script from 'https://soccerline.dothome.co.kr/_next/static/chunks/0d0r3.gc-v0nm.js/' because its MIME type ('text/html') is not executable, and strict MIME type checking is enabled. @ https://soccerline.dothome.co.kr/news/:0
[  573946ms] ChunkLoadError: Failed to load chunk /_next/static/chunks/17v4fs5wd1eb0.js from module 1089
    at https://soccerline.dothome.co.kr/_next/static/chunks/turbopack-0uyfyurgrvo.3.js:1:6096
