[     294ms] [ERROR] Failed to load resource: the server responded with a status of 404 (Not Found) @ https://soccerline.dothome.co.kr/contact/__next.contact.__PAGE__.txt/?_rsc=HE4lW81XRKH8of93:0
[     350ms] [ERROR] Failed to load resource: the server responded with a status of 404 (Not Found) @ https://soccerline.dothome.co.kr/federation/__next.federation.__PAGE__.txt/?_rsc=SQXVIbczShf-K1KU:0
[     350ms] [ERROR] Failed to load resource: the server responded with a status of 404 (Not Found) @ https://soccerline.dothome.co.kr/gallery/__next.gallery.__PAGE__.txt/?_rsc=1-v0uQR77WhmiL_E:0
[     352ms] [ERROR] Failed to load resource: the server responded with a status of 404 (Not Found) @ https://soccerline.dothome.co.kr/schedule/__next.schedule.__PAGE__.txt/?_rsc=m5F4nptZP4x6fzfy:0
[     375ms] [ERROR] Failed to load resource: the server responded with a status of 404 (Not Found) @ https://soccerline.dothome.co.kr/squad/__next.squad.__PAGE__.txt/?_rsc=kOG6x_NYr3D5rY4p:0
[     378ms] [ERROR] Failed to load resource: the server responded with a status of 404 (Not Found) @ https://soccerline.dothome.co.kr/news/__next.news.__PAGE__.txt/?_rsc=SotF8VA5TgG7UKrQ:0
[     385ms] [ERROR] Failed to load resource: the server responded with a status of 404 (Not Found) @ https://soccerline.dothome.co.kr/about/__next.about.__PAGE__.txt/?_rsc=qFb3bnp6pdBYWxms:0
[  204922ms] [ERROR] Failed to load resource: the server responded with a status of 404 (Not Found) @ https://soccerline.dothome.co.kr/news/__next.news.__PAGE__.txt/?_rsc=SotF8VA5TgG7UKrQ:0
[  205290ms] [ERROR] Failed to load resource: the server responded with a status of 404 (Not Found) @ https://soccerline.dothome.co.kr/contact/__next.contact.__PAGE__.txt/?_rsc=HE4lW81XRKH8of93:0
[  205300ms] [ERROR] Failed to load resource: the server responded with a status of 404 (Not Found) @ https://soccerline.dothome.co.kr/federation/__next.federation.__PAGE__.txt/?_rsc=SQXVIbczShf-K1KU:0
[  205302ms] [ERROR] Failed to load resource: the server responded with a status of 404 (Not Found) @ https://soccerline.dothome.co.kr/schedule/__next.schedule.__PAGE__.txt/?_rsc=m5F4nptZP4x6fzfy:0
[  205303ms] [ERROR] Failed to load resource: the server responded with a status of 404 (Not Found) @ https://soccerline.dothome.co.kr/gallery/__next.gallery.__PAGE__.txt/?_rsc=1-v0uQR77WhmiL_E:0
[  205430ms] [ERROR] Failed to load resource: the server responded with a status of 404 (Not Found) @ https://soccerline.dothome.co.kr/squad/__next.squad.__PAGE__.txt/?_rsc=kOG6x_NYr3D5rY4p:0
[  205441ms] [ERROR] Failed to load resource: the server responded with a status of 404 (Not Found) @ https://soccerline.dothome.co.kr/about/__next.about.__PAGE__.txt/?_rsc=qFb3bnp6pdBYWxms:0
[  209909ms] [ERROR] Failed to load resource: the server responded with a status of 404 (Not Found) @ https://soccerline.dothome.co.kr/contact/__next.contact.__PAGE__.txt/?_rsc=HE4lW81XRKH8of93:0
[  210037ms] [ERROR] Failed to load resource: the server responded with a status of 404 (Not Found) @ https://soccerline.dothome.co.kr/federation/__next.federation.__PAGE__.txt/?_rsc=SQXVIbczShf-K1KU:0
[  210054ms] [ERROR] Failed to load resource: the server responded with a status of 404 (Not Found) @ https://soccerline.dothome.co.kr/gallery/__next.gallery.__PAGE__.txt/?_rsc=1-v0uQR77WhmiL_E:0
[  210198ms] [ERROR] Failed to load resource: the server responded with a status of 404 (Not Found) @ https://soccerline.dothome.co.kr/schedule/__next.schedule.__PAGE__.txt/?_rsc=m5F4nptZP4x6fzfy:0
[  210224ms] [ERROR] Failed to load resource: the server responded with a status of 404 (Not Found) @ https://soccerline.dothome.co.kr/squad/__next.squad.__PAGE__.txt/?_rsc=kOG6x_NYr3D5rY4p:0
[  210247ms] [ERROR] Failed to load resource: the server responded with a status of 404 (Not Found) @ https://soccerline.dothome.co.kr/news/__next.news.__PAGE__.txt/?_rsc=SotF8VA5TgG7UKrQ:0
[  210258ms] [ERROR] Failed to load resource: the server responded with a status of 404 (Not Found) @ https://soccerline.dothome.co.kr/about/__next.about.__PAGE__.txt/?_rsc=qFb3bnp6pdBYWxms:0
[  237006ms] [ERROR] Failed to load resource: the server responded with a status of 404 (Not Found) @ https://soccerline.dothome.co.kr/contact/__next.contact.__PAGE__.txt/?_rsc=HE4lW81XRKH8of93:0
[  237011ms] [ERROR] Failed to load resource: the server responded with a status of 404 (Not Found) @ https://soccerline.dothome.co.kr/federation/__next.federation.__PAGE__.txt/?_rsc=SQXVIbczShf-K1KU:0
[  237013ms] [ERROR] Failed to load resource: the server responded with a status of 404 (Not Found) @ https://soccerline.dothome.co.kr/gallery/__next.gallery.__PAGE__.txt/?_rsc=1-v0uQR77WhmiL_E:0
[  237013ms] [ERROR] Failed to load resource: the server responded with a status of 404 (Not Found) @ https://soccerline.dothome.co.kr/schedule/__next.schedule.__PAGE__.txt/?_rsc=m5F4nptZP4x6fzfy:0
[  237035ms] [ERROR] Failed to load resource: the server responded with a status of 404 (Not Found) @ https://soccerline.dothome.co.kr/squad/__next.squad.__PAGE__.txt/?_rsc=kOG6x_NYr3D5rY4p:0
[  237043ms] [ERROR] Failed to load resource: the server responded with a status of 404 (Not Found) @ https://soccerline.dothome.co.kr/news/__next.news.__PAGE__.txt/?_rsc=SotF8VA5TgG7UKrQ:0
[  237045ms] [ERROR] Failed to load resource: the server responded with a status of 404 (Not Found) @ https://soccerline.dothome.co.kr/about/__next.about.__PAGE__.txt/?_rsc=qFb3bnp6pdBYWxms:0
[  241293ms] [ERROR] Failed to load resource: the server responded with a status of 404 (Not Found) @ https://soccerline.dothome.co.kr/contact/__next.contact.__PAGE__.txt/?_rsc=HE4lW81XRKH8of93:0
[  241420ms] [ERROR] Failed to load resource: the server responded with a status of 404 (Not Found) @ https://soccerline.dothome.co.kr/gallery/__next.gallery.__PAGE__.txt/?_rsc=1-v0uQR77WhmiL_E:0
[  241422ms] [ERROR] Failed to load resource: the server responded with a status of 404 (Not Found) @ https://soccerline.dothome.co.kr/schedule/__next.schedule.__PAGE__.txt/?_rsc=m5F4nptZP4x6fzfy:0
[  241482ms] [ERROR] Failed to load resource: the server responded with a status of 404 (Not Found) @ https://soccerline.dothome.co.kr/federation/__next.federation.__PAGE__.txt/?_rsc=SQXVIbczShf-K1KU:0
[  241612ms] [ERROR] Failed to load resource: the server responded with a status of 404 (Not Found) @ https://soccerline.dothome.co.kr/squad/__next.squad.__PAGE__.txt/?_rsc=kOG6x_NYr3D5rY4p:0
[  241625ms] [ERROR] Failed to load resource: the server responded with a status of 404 (Not Found) @ https://soccerline.dothome.co.kr/news/__next.news.__PAGE__.txt/?id=49&_rsc=SotF8VA5TgG7UKrQ:0
[  241636ms] [ERROR] Failed to load resource: the server responded with a status of 404 (Not Found) @ https://soccerline.dothome.co.kr/about/__next.about.__PAGE__.txt/?_rsc=qFb3bnp6pdBYWxms:0
[  252373ms] [ERROR] Failed to load resource: the server responded with a status of 404 (Not Found) @ https://soccerline.dothome.co.kr/about/__next.about.__PAGE__.txt/?_rsc=qFb3bnp6pdBYWxms:0
[  325224ms] [ERROR] Failed to load resource: the server responded with a status of 404 (Not Found) @ https://soccerline.dothome.co.kr/gallery/__next.gallery.__PAGE__.txt/?_rsc=1-v0uQR77WhmiL_E:0
[  325224ms] [ERROR] Failed to load resource: the server responded with a status of 404 (Not Found) @ https://soccerline.dothome.co.kr/schedule/__next.schedule.__PAGE__.txt/?_rsc=m5F4nptZP4x6fzfy:0
[  325368ms] [ERROR] Failed to load resource: the server responded with a status of 404 (Not Found) @ https://soccerline.dothome.co.kr/squad/__next.squad.__PAGE__.txt/?_rsc=kOG6x_NYr3D5rY4p:0
[  372073ms] [ERROR] Failed to load resource: the server responded with a status of 404 (Not Found) @ https://soccerline.dothome.co.kr/federation/__next.federation.__PAGE__.txt/?_rsc=SQXVIbczShf-K1KU:0
[  436980ms] [ERROR] Failed to load resource: the server responded with a status of 404 (Not Found) @ https://soccerline.dothome.co.kr/about/__next.about.__PAGE__.txt/?_rsc=qFb3bnp6pdBYWxms:0
[  506071ms] [ERROR] Failed to load resource: the server responded with a status of 404 (Not Found) @ https://soccerline.dothome.co.kr/contact/__next.contact.__PAGE__.txt/?_rsc=HE4lW81XRKH8of93:0
[  506071ms] [ERROR] Failed to load resource: the server responded with a status of 404 (Not Found) @ https://soccerline.dothome.co.kr/federation/__next.federation.__PAGE__.txt/?_rsc=SQXVIbczShf-K1KU:0
[  506100ms] [ERROR] Failed to load resource: the server responded with a status of 404 (Not Found) @ https://soccerline.dothome.co.kr/gallery/__next.gallery.__PAGE__.txt/?_rsc=1-v0uQR77WhmiL_E:0
[  506109ms] [ERROR] Failed to load resource: the server responded with a status of 404 (Not Found) @ https://soccerline.dothome.co.kr/schedule/__next.schedule.__PAGE__.txt/?_rsc=m5F4nptZP4x6fzfy:0
[  506125ms] [ERROR] Failed to load resource: the server responded with a status of 404 (Not Found) @ https://soccerline.dothome.co.kr/squad/__next.squad.__PAGE__.txt/?_rsc=kOG6x_NYr3D5rY4p:0
[  506130ms] [ERROR] Failed to load resource: the server responded with a status of 404 (Not Found) @ https://soccerline.dothome.co.kr/news/__next.news.__PAGE__.txt/?id=49&_rsc=SotF8VA5TgG7UKrQ:0
[  506131ms] [ERROR] Failed to load resource: the server responded with a status of 404 (Not Found) @ https://soccerline.dothome.co.kr/about/__next.about.__PAGE__.txt/?_rsc=qFb3bnp6pdBYWxms:0
[  517946ms] [ERROR] Failed to load resource: the server responded with a status of 404 (Not Found) @ https://soccerline.dothome.co.kr/news/__next.news.__PAGE__.txt/?category=korean&_rsc=SotF8VA5TgG7UKrQ:0
[  517950ms] [ERROR] Failed to load resource: the server responded with a status of 404 (Not Found) @ https://soccerline.dothome.co.kr/contact/__next.contact.__PAGE__.txt/?_rsc=HE4lW81XRKH8of93:0
[  517953ms] [ERROR] Failed to load resource: the server responded with a status of 404 (Not Found) @ https://soccerline.dothome.co.kr/squad/__next.squad.__PAGE__.txt/?_rsc=kOG6x_NYr3D5rY4p:0
[  517954ms] [ERROR] Failed to load resource: the server responded with a status of 404 (Not Found) @ https://soccerline.dothome.co.kr/about/__next.about.__PAGE__.txt/?_rsc=qFb3bnp6pdBYWxms:0
[  520714ms] [ERROR] Failed to load resource: the server responded with a status of 404 (Not Found) @ https://soccerline.dothome.co.kr/schedule/__next.schedule.__PAGE__.txt/?_rsc=m5F4nptZP4x6fzfy:0
[  520717ms] [ERROR] Failed to load resource: the server responded with a status of 404 (Not Found) @ https://soccerline.dothome.co.kr/gallery/__next.gallery.__PAGE__.txt/?_rsc=1-v0uQR77WhmiL_E:0
[  575896ms] [ERROR] Failed to load resource: the server responded with a status of 404 (Not Found) @ https://soccerline.dothome.co.kr/gallery/__next.gallery.__PAGE__.txt/?_rsc=1-v0uQR77WhmiL_E:0
[  588057ms] [ERROR] Failed to load resource: the server responded with a status of 404 (Not Found) @ https://soccerline.dothome.co.kr/squad/__next.squad.__PAGE__.txt/?_rsc=kOG6x_NYr3D5rY4p:0
[  588057ms] [ERROR] Failed to load resource: the server responded with a status of 404 (Not Found) @ https://soccerline.dothome.co.kr/about/__next.about.__PAGE__.txt/?_rsc=qFb3bnp6pdBYWxms:0
[  588058ms] [ERROR] Failed to load resource: the server responded with a status of 404 (Not Found) @ https://soccerline.dothome.co.kr/contact/__next.contact.__PAGE__.txt/?_rsc=HE4lW81XRKH8of93:0
[  588059ms] [ERROR] Failed to load resource: the server responded with a status of 404 (Not Found) @ https://soccerline.dothome.co.kr/news/__next.news.__PAGE__.txt/?id=49&_rsc=SotF8VA5TgG7UKrQ:0
[  588200ms] [ERROR] Failed to load resource: the server responded with a status of 404 (Not Found) @ https://soccerline.dothome.co.kr/schedule/__next.schedule.__PAGE__.txt/?_rsc=m5F4nptZP4x6fzfy:0
