[     271ms] [ERROR] Failed to load resource: the server responded with a status of 404 (Not Found) @ https://soccerline.dothome.co.kr/squad/__next.squad.__PAGE__.txt/?_rsc=RRdMupq5J-Iz9n7O:0
[     272ms] [ERROR] Failed to load resource: the server responded with a status of 404 (Not Found) @ https://soccerline.dothome.co.kr/contact/__next.contact.__PAGE__.txt/?_rsc=bd3S3FWFeSZhGR1J:0
[     282ms] [ERROR] Failed to load resource: the server responded with a status of 404 (Not Found) @ https://soccerline.dothome.co.kr/federation/__next.federation.__PAGE__.txt/?_rsc=ACqG6ilMKmiQGomF:0
[     290ms] [ERROR] Failed to load resource: the server responded with a status of 404 (Not Found) @ https://soccerline.dothome.co.kr/gallery/__next.gallery.__PAGE__.txt/?_rsc=ovW3v4W6wJL5oiRq:0
[     308ms] [ERROR] Failed to load resource: the server responded with a status of 404 (Not Found) @ https://soccerline.dothome.co.kr/schedule/__next.schedule.__PAGE__.txt/?_rsc=VZ4-GP4xzFDacKjL:0
[     322ms] [ERROR] Failed to load resource: the server responded with a status of 404 (Not Found) @ https://soccerline.dothome.co.kr/news/__next.news.__PAGE__.txt/?_rsc=-PQ8QvzHw-sheZfG:0
[     334ms] [ERROR] Failed to load resource: the server responded with a status of 404 (Not Found) @ https://soccerline.dothome.co.kr/about/__next.about.__PAGE__.txt/?_rsc=76qi9t8_tmXzMPBN:0
[   14631ms] [ERROR] Failed to load resource: the server responded with a status of 404 (Not Found) @ https://soccerline.dothome.co.kr/schedule/__next.schedule.__PAGE__.txt/?_rsc=VZ4-GP4xzFDacKjL:0
[   17314ms] [ERROR] Failed to load resource: the server responded with a status of 404 (Not Found) @ https://soccerline.dothome.co.kr/squad/__next.squad.__PAGE__.txt/?_rsc=RRdMupq5J-Iz9n7O:0
[   24893ms] [ERROR] Failed to load resource: the server responded with a status of 404 (Not Found) @ https://soccerline.dothome.co.kr/federation/__next.federation.__PAGE__.txt/?_rsc=1JltzbNhhmKhfhiM:0
[   24894ms] [ERROR] Failed to load resource: the server responded with a status of 404 (Not Found) @ https://soccerline.dothome.co.kr/gallery/__next.gallery.__PAGE__.txt/?_rsc=zbAqrSO_0EG9DBC3:0
[   24895ms] [ERROR] Failed to load resource: the server responded with a status of 404 (Not Found) @ https://soccerline.dothome.co.kr/contact/__next.contact.__PAGE__.txt/?_rsc=q9aN_167qKH2VCA4:0
[   24907ms] [ERROR] Failed to load resource: the server responded with a status of 404 (Not Found) @ https://soccerline.dothome.co.kr/schedule/__next.schedule.__PAGE__.txt/?_rsc=uo_1z0K8dZZd1hR7:0
[   24917ms] [ERROR] Failed to load resource: the server responded with a status of 404 (Not Found) @ https://soccerline.dothome.co.kr/squad/2026-27/__next.squad.2026-27.txt/?_rsc=YlfjPz1a0UushY-A:0
[   24921ms] [ERROR] Failed to load resource: the server responded with a status of 404 (Not Found) @ https://soccerline.dothome.co.kr/squad/2026-27/__next.squad.2026-27.__PAGE__.txt/?_rsc=XCRMdKDpCsClIk4t:0
[   24924ms] [ERROR] Failed to load resource: the server responded with a status of 404 (Not Found) @ https://soccerline.dothome.co.kr/news/__next.news.__PAGE__.txt/?_rsc=WBUt9pT-lghPL-98:0
[   24935ms] [ERROR] Failed to load resource: the server responded with a status of 404 (Not Found) @ https://soccerline.dothome.co.kr/about/__next.about.__PAGE__.txt/?_rsc=LRKJcZa7qO8jqp6C:0
[   32716ms] [ERROR] Failed to load resource: the server responded with a status of 404 (Not Found) @ https://soccerline.dothome.co.kr/squad/__next.squad.__PAGE__.txt/?_rsc=hercwOmNJS8-ElUJ:0
[   32741ms] [ERROR] Failed to load resource: the server responded with a status of 404 (Not Found) @ https://soccerline.dothome.co.kr/schedule/235/__next.schedule.$d$id.txt/?_rsc=FqZc8u0X3brbQ6i1:0
[   32742ms] [ERROR] Failed to load resource: the server responded with a status of 404 (Not Found) @ https://soccerline.dothome.co.kr/schedule/235/__next.schedule.$d$id.__PAGE__.txt/?_rsc=bx2dScJ8H265XZiR:0
[   33333ms] [ERROR] Failed to load resource: the server responded with a status of 404 (Not Found) @ https://soccerline.dothome.co.kr/schedule/231/__next.schedule.$d$id.__PAGE__.txt/?_rsc=bx2dScJ8H265XZiR:0
[   33334ms] [ERROR] Failed to load resource: the server responded with a status of 404 (Not Found) @ https://soccerline.dothome.co.kr/schedule/231/__next.schedule.$d$id.txt/?_rsc=FqZc8u0X3brbQ6i1:0
[   33381ms] [ERROR] Failed to load resource: the server responded with a status of 404 (Not Found) @ https://soccerline.dothome.co.kr/schedule/218/__next.schedule.$d$id.__PAGE__.txt/?_rsc=bx2dScJ8H265XZiR:0
[   33381ms] [ERROR] Failed to load resource: the server responded with a status of 404 (Not Found) @ https://soccerline.dothome.co.kr/schedule/218/__next.schedule.$d$id.txt/?_rsc=FqZc8u0X3brbQ6i1:0
[   34802ms] [ERROR] Failed to load resource: the server responded with a status of 404 (Not Found) @ https://soccerline.dothome.co.kr/schedule/213/__next.schedule.$d$id.txt/?_rsc=FqZc8u0X3brbQ6i1:0
[   34804ms] [ERROR] Failed to load resource: the server responded with a status of 404 (Not Found) @ https://soccerline.dothome.co.kr/schedule/213/__next.schedule.$d$id.__PAGE__.txt/?_rsc=bx2dScJ8H265XZiR:0
[   36366ms] [ERROR] Failed to load resource: the server responded with a status of 404 (Not Found) @ https://soccerline.dothome.co.kr/federation/__next.federation.__PAGE__.txt/?_rsc=TdIt0UE_KEIUfAiF:0
[  103335ms] [ERROR] Failed to load resource: the server responded with a status of 404 (Not Found) @ https://soccerline.dothome.co.kr/federation/__next.federation.__PAGE__.txt/?_rsc=TdIt0UE_KEIUfAiF:0
[  103909ms] [ERROR] Failed to load resource: the server responded with a status of 404 (Not Found) @ https://soccerline.dothome.co.kr/contact/__next.contact.__PAGE__.txt/?_rsc=BiuOixuigeBXVJn7:0
[  103912ms] [ERROR] Failed to load resource: the server responded with a status of 404 (Not Found) @ https://soccerline.dothome.co.kr/schedule/__next.schedule.__PAGE__.txt/?_rsc=ZH-R3HpAI-UvSgLf:0
[  103913ms] [ERROR] Failed to load resource: the server responded with a status of 404 (Not Found) @ https://soccerline.dothome.co.kr/gallery/__next.gallery.__PAGE__.txt/?_rsc=Ms9RZ1ulVGHZx9cA:0
[  103915ms] [ERROR] Failed to load resource: the server responded with a status of 404 (Not Found) @ https://soccerline.dothome.co.kr/squad/__next.squad.__PAGE__.txt/?_rsc=2CFRl4k00sRRjoRg:0
[  103938ms] [ERROR] Failed to load resource: the server responded with a status of 404 (Not Found) @ https://soccerline.dothome.co.kr/about/__next.about.__PAGE__.txt/?_rsc=hzcUC6YqarYE9pKE:0
[  103940ms] [ERROR] Failed to load resource: the server responded with a status of 404 (Not Found) @ https://soccerline.dothome.co.kr/news/__next.news.__PAGE__.txt/?_rsc=ZBRZ9e84RvjbRE0z:0
[  253418ms] [ERROR] Failed to load resource: the server responded with a status of 404 (Not Found) @ https://soccerline.dothome.co.kr/contact/__next.contact.__PAGE__.txt/?_rsc=BiuOixuigeBXVJn7:0
[  253419ms] [ERROR] Failed to load resource: the server responded with a status of 404 (Not Found) @ https://soccerline.dothome.co.kr/gallery/__next.gallery.__PAGE__.txt/?_rsc=Ms9RZ1ulVGHZx9cA:0
[  253544ms] [ERROR] Failed to load resource: the server responded with a status of 404 (Not Found) @ https://soccerline.dothome.co.kr/schedule/__next.schedule.__PAGE__.txt/?_rsc=ZH-R3HpAI-UvSgLf:0
[  253546ms] [ERROR] Failed to load resource: the server responded with a status of 404 (Not Found) @ https://soccerline.dothome.co.kr/federation/__next.federation.__PAGE__.txt/?_rsc=inUgcJo8QtLeIEZD:0
[  253568ms] [ERROR] Failed to load resource: the server responded with a status of 404 (Not Found) @ https://soccerline.dothome.co.kr/about/__next.about.__PAGE__.txt/?_rsc=hzcUC6YqarYE9pKE:0
[  253584ms] [ERROR] Failed to load resource: the server responded with a status of 404 (Not Found) @ https://soccerline.dothome.co.kr/squad/__next.squad.__PAGE__.txt/?_rsc=2CFRl4k00sRRjoRg:0
[  253585ms] [ERROR] Failed to load resource: the server responded with a status of 404 (Not Found) @ https://soccerline.dothome.co.kr/news/__next.news.__PAGE__.txt/?_rsc=ZBRZ9e84RvjbRE0z:0
[  258148ms] [WARNING] The resource https://soccerline.dothome.co.kr/_next/static/chunks/0xqwda.kac0wn.css was preloaded using link preload but not used within a few seconds from the window's load event. Please make sure it has an appropriate `as` value and it is preloaded intentionally. @ https://soccerline.dothome.co.kr/:0
[  261751ms] [WARNING] The resource https://soccerline.dothome.co.kr/_next/static/chunks/0xqwda.kac0wn.css was preloaded using link preload but not used within a few seconds from the window's load event. Please make sure it has an appropriate `as` value and it is preloaded intentionally. @ https://soccerline.dothome.co.kr/about/:0
