[     854ms] [ERROR] Failed to load resource: the server responded with a status of 404 (Not Found) @ https://soccerline.dothome.co.kr/squad/__next.squad.__PAGE__.txt/?_rsc=2CFRl4k00sRRjoRg:0
[    3991ms] [WARNING] The resource https://soccerline.dothome.co.kr/_next/static/chunks/06cipn40fppav.css was preloaded using link preload but not used within a few seconds from the window's load event. Please make sure it has an appropriate `as` value and it is preloaded intentionally. @ https://soccerline.dothome.co.kr/:0
[    3991ms] [WARNING] The resource https://soccerline.dothome.co.kr/_next/static/chunks/14vvp5st5jz2a.css was preloaded using link preload but not used within a few seconds from the window's load event. Please make sure it has an appropriate `as` value and it is preloaded intentionally. @ https://soccerline.dothome.co.kr/:0
[    6333ms] [ERROR] Failed to load resource: the server responded with a status of 404 (Not Found) @ https://soccerline.dothome.co.kr/squad/__next.squad.__PAGE__.txt/?_rsc=2CFRl4k00sRRjoRg:0
[    9389ms] [WARNING] The resource https://soccerline.dothome.co.kr/_next/static/chunks/06cipn40fppav.css was preloaded using link preload but not used within a few seconds from the window's load event. Please make sure it has an appropriate `as` value and it is preloaded intentionally. @ https://soccerline.dothome.co.kr/:0
[    9389ms] [WARNING] The resource https://soccerline.dothome.co.kr/_next/static/chunks/14vvp5st5jz2a.css was preloaded using link preload but not used within a few seconds from the window's load event. Please make sure it has an appropriate `as` value and it is preloaded intentionally. @ https://soccerline.dothome.co.kr/:0
[   12704ms] [ERROR] Failed to load resource: the server responded with a status of 404 (Not Found) @ https://soccerline.dothome.co.kr/schedule/__next.schedule.__PAGE__.txt/?_rsc=aGKSWF8Z3CWtNI3R:0
[   16254ms] [WARNING] The resource https://soccerline.dothome.co.kr/_next/static/chunks/06cipn40fppav.css was preloaded using link preload but not used within a few seconds from the window's load event. Please make sure it has an appropriate `as` value and it is preloaded intentionally. @ https://soccerline.dothome.co.kr/schedule/:0
[   16254ms] [WARNING] The resource https://soccerline.dothome.co.kr/_next/static/chunks/14vvp5st5jz2a.css was preloaded using link preload but not used within a few seconds from the window's load event. Please make sure it has an appropriate `as` value and it is preloaded intentionally. @ https://soccerline.dothome.co.kr/schedule/:0
[   16254ms] [WARNING] The resource https://soccerline.dothome.co.kr/_next/static/chunks/0osy9jrh~l~ba.css was preloaded using link preload but not used within a few seconds from the window's load event. Please make sure it has an appropriate `as` value and it is preloaded intentionally. @ https://soccerline.dothome.co.kr/schedule/:0
[   20109ms] [ERROR] Failed to load resource: the server responded with a status of 404 (Not Found) @ https://soccerline.dothome.co.kr/contact/__next.contact.__PAGE__.txt/?_rsc=ZUmUWm0IJ3p_c8an:0
[   20113ms] [ERROR] Failed to load resource: the server responded with a status of 404 (Not Found) @ https://soccerline.dothome.co.kr/federation/__next.federation.__PAGE__.txt/?_rsc=KQxajfLI-JEXNuR9:0
[   20134ms] [ERROR] Failed to load resource: the server responded with a status of 404 (Not Found) @ https://soccerline.dothome.co.kr/gallery/__next.gallery.__PAGE__.txt/?_rsc=TdcRsGLuAWdgm4DF:0
[   20143ms] [ERROR] Failed to load resource: the server responded with a status of 404 (Not Found) @ https://soccerline.dothome.co.kr/squad/__next.squad.__PAGE__.txt/?_rsc=k97ZVmzW3k9g6xjx:0
[   20193ms] [ERROR] Failed to load resource: the server responded with a status of 404 (Not Found) @ https://soccerline.dothome.co.kr/news/__next.news.__PAGE__.txt/?_rsc=6b_BaBGFuKQI3CkW:0
[   20201ms] [ERROR] Failed to load resource: the server responded with a status of 404 (Not Found) @ https://soccerline.dothome.co.kr/about/__next.about.__PAGE__.txt/?_rsc=q1k9dLwAMxl5szps:0
[   23255ms] [WARNING] The resource https://soccerline.dothome.co.kr/_next/static/chunks/14vvp5st5jz2a.css was preloaded using link preload but not used within a few seconds from the window's load event. Please make sure it has an appropriate `as` value and it is preloaded intentionally. @ https://soccerline.dothome.co.kr/schedule/213/:0
[   23255ms] [WARNING] The resource https://soccerline.dothome.co.kr/_next/static/chunks/06cipn40fppav.css was preloaded using link preload but not used within a few seconds from the window's load event. Please make sure it has an appropriate `as` value and it is preloaded intentionally. @ https://soccerline.dothome.co.kr/schedule/213/:0
[   23255ms] [WARNING] The resource https://soccerline.dothome.co.kr/_next/static/chunks/0osy9jrh~l~ba.css was preloaded using link preload but not used within a few seconds from the window's load event. Please make sure it has an appropriate `as` value and it is preloaded intentionally. @ https://soccerline.dothome.co.kr/schedule/213/:0
[   23255ms] [WARNING] The resource https://soccerline.dothome.co.kr/_next/static/chunks/07gizmkvllm91.css was preloaded using link preload but not used within a few seconds from the window's load event. Please make sure it has an appropriate `as` value and it is preloaded intentionally. @ https://soccerline.dothome.co.kr/schedule/213/:0
[   23531ms] [ERROR] Failed to load resource: the server responded with a status of 404 (Not Found) @ https://soccerline.dothome.co.kr/schedule/__next.schedule.__PAGE__.txt/?_rsc=aGKSWF8Z3CWtNI3R:0
[   26728ms] [WARNING] The resource https://soccerline.dothome.co.kr/_next/static/chunks/14vvp5st5jz2a.css was preloaded using link preload but not used within a few seconds from the window's load event. Please make sure it has an appropriate `as` value and it is preloaded intentionally. @ https://soccerline.dothome.co.kr/schedule/:0
[   26728ms] [WARNING] The resource https://soccerline.dothome.co.kr/_next/static/chunks/06cipn40fppav.css was preloaded using link preload but not used within a few seconds from the window's load event. Please make sure it has an appropriate `as` value and it is preloaded intentionally. @ https://soccerline.dothome.co.kr/schedule/:0
[   26728ms] [WARNING] The resource https://soccerline.dothome.co.kr/_next/static/chunks/0osy9jrh~l~ba.css was preloaded using link preload but not used within a few seconds from the window's load event. Please make sure it has an appropriate `as` value and it is preloaded intentionally. @ https://soccerline.dothome.co.kr/schedule/:0
[   26728ms] [WARNING] The resource https://soccerline.dothome.co.kr/_next/static/chunks/07gizmkvllm91.css was preloaded using link preload but not used within a few seconds from the window's load event. Please make sure it has an appropriate `as` value and it is preloaded intentionally. @ https://soccerline.dothome.co.kr/schedule/:0
